mode: atomic
github.com/TerraDharitri/drt-go-vm-common/address.go:28.50,29.61 1 0
github.com/TerraDharitri/drt-go-vm-common/address.go:29.61,31.3 1 0
github.com/TerraDharitri/drt-go-vm-common/address.go:32.2,32.137 1 0
github.com/TerraDharitri/drt-go-vm-common/address.go:36.53,37.54 1 7
github.com/TerraDharitri/drt-go-vm-common/address.go:37.54,39.3 1 1
github.com/TerraDharitri/drt-go-vm-common/address.go:41.2,41.32 1 6
github.com/TerraDharitri/drt-go-vm-common/address.go:41.32,43.3 1 1
github.com/TerraDharitri/drt-go-vm-common/address.go:45.2,47.20 3 5
github.com/TerraDharitri/drt-go-vm-common/address.go:51.42,54.2 2 6
github.com/TerraDharitri/drt-go-vm-common/address.go:57.52,58.26 1 7
github.com/TerraDharitri/drt-go-vm-common/address.go:58.26,60.3 1 1
github.com/TerraDharitri/drt-go-vm-common/address.go:62.2,62.39 1 6
github.com/TerraDharitri/drt-go-vm-common/address.go:62.39,63.48 1 6
github.com/TerraDharitri/drt-go-vm-common/address.go:63.48,65.4 1 2
github.com/TerraDharitri/drt-go-vm-common/address.go:68.2,68.13 1 4
github.com/TerraDharitri/drt-go-vm-common/address.go:72.76,73.88 1 5
github.com/TerraDharitri/drt-go-vm-common/address.go:73.88,75.3 1 1
github.com/TerraDharitri/drt-go-vm-common/address.go:77.2,77.40 1 4
github.com/TerraDharitri/drt-go-vm-common/address.go:77.40,79.3 1 1
github.com/TerraDharitri/drt-go-vm-common/address.go:81.2,81.41 1 3
github.com/TerraDharitri/drt-go-vm-common/address.go:81.41,83.3 1 1
github.com/TerraDharitri/drt-go-vm-common/address.go:85.2,88.31 3 2
github.com/TerraDharitri/drt-go-vm-common/address.go:92.47,94.26 2 0
github.com/TerraDharitri/drt-go-vm-common/address.go:94.26,96.3 1 0
github.com/TerraDharitri/drt-go-vm-common/address.go:98.2,99.66 2 0
github.com/TerraDharitri/drt-go-vm-common/address.go:104.77,105.58 1 2
github.com/TerraDharitri/drt-go-vm-common/address.go:105.58,107.3 1 1
github.com/TerraDharitri/drt-go-vm-common/address.go:109.2,111.50 3 1
github.com/TerraDharitri/drt-go-vm-common/codeMetadata.go:33.55,34.40 1 17
github.com/TerraDharitri/drt-go-vm-common/codeMetadata.go:34.40,36.3 1 1
github.com/TerraDharitri/drt-go-vm-common/codeMetadata.go:38.2,44.3 1 16
github.com/TerraDharitri/drt-go-vm-common/codeMetadata.go:48.48,51.26 2 7
github.com/TerraDharitri/drt-go-vm-common/codeMetadata.go:51.26,53.3 1 1
github.com/TerraDharitri/drt-go-vm-common/codeMetadata.go:54.2,54.23 1 7
github.com/TerraDharitri/drt-go-vm-common/codeMetadata.go:54.23,56.3 1 1
github.com/TerraDharitri/drt-go-vm-common/codeMetadata.go:57.2,57.22 1 7
github.com/TerraDharitri/drt-go-vm-common/codeMetadata.go:57.22,59.3 1 1
github.com/TerraDharitri/drt-go-vm-common/codeMetadata.go:60.2,60.22 1 7
github.com/TerraDharitri/drt-go-vm-common/codeMetadata.go:60.22,62.3 1 1
github.com/TerraDharitri/drt-go-vm-common/codeMetadata.go:63.2,63.26 1 7
github.com/TerraDharitri/drt-go-vm-common/codeMetadata.go:63.26,65.3 1 1
github.com/TerraDharitri/drt-go-vm-common/codeMetadata.go:67.2,67.14 1 7
github.com/TerraDharitri/drt-go-vm-common/common.go:40.41,42.74 2 19
github.com/TerraDharitri/drt-go-vm-common/common.go:42.74,44.3 1 3
github.com/TerraDharitri/drt-go-vm-common/common.go:46.2,48.46 2 16
github.com/TerraDharitri/drt-go-vm-common/common.go:48.46,50.3 1 6
github.com/TerraDharitri/drt-go-vm-common/common.go:53.2,53.33 1 10
github.com/TerraDharitri/drt-go-vm-common/common.go:53.33,55.3 1 2
github.com/TerraDharitri/drt-go-vm-common/common.go:57.2,57.57 1 8
github.com/TerraDharitri/drt-go-vm-common/common.go:57.57,59.3 1 3
github.com/TerraDharitri/drt-go-vm-common/common.go:61.2,61.13 1 5
github.com/TerraDharitri/drt-go-vm-common/common.go:65.44,66.76 1 16
github.com/TerraDharitri/drt-go-vm-common/common.go:66.76,68.3 1 0
github.com/TerraDharitri/drt-go-vm-common/common.go:69.2,69.32 1 16
github.com/TerraDharitri/drt-go-vm-common/common.go:69.32,73.18 4 105
github.com/TerraDharitri/drt-go-vm-common/common.go:73.18,75.4 1 6
github.com/TerraDharitri/drt-go-vm-common/common.go:78.2,78.13 1 10
github.com/TerraDharitri/drt-go-vm-common/common.go:82.45,83.47 1 8
github.com/TerraDharitri/drt-go-vm-common/common.go:83.47,85.3 1 0
github.com/TerraDharitri/drt-go-vm-common/common.go:86.2,86.27 1 8
github.com/TerraDharitri/drt-go-vm-common/common.go:86.27,90.18 4 45
github.com/TerraDharitri/drt-go-vm-common/common.go:90.18,92.4 1 3
github.com/TerraDharitri/drt-go-vm-common/common.go:95.2,95.13 1 5
github.com/TerraDharitri/drt-go-vm-common/common.go:99.46,100.18 1 2
github.com/TerraDharitri/drt-go-vm-common/common.go:100.18,102.3 1 1
github.com/TerraDharitri/drt-go-vm-common/common.go:104.2,104.14 1 1
github.com/TerraDharitri/drt-go-vm-common/gasCost.go:49.49,50.11 1 0
github.com/TerraDharitri/drt-go-vm-common/gasCost.go:50.11,52.3 1 0
github.com/TerraDharitri/drt-go-vm-common/gasCost.go:53.2,53.19 1 0
github.com/TerraDharitri/drt-go-vm-common/output.go:169.93,170.35 1 6
github.com/TerraDharitri/drt-go-vm-common/output.go:170.35,172.3 1 1
github.com/TerraDharitri/drt-go-vm-common/output.go:174.2,176.16 2 5
github.com/TerraDharitri/drt-go-vm-common/output.go:177.19,178.49 1 1
github.com/TerraDharitri/drt-go-vm-common/output.go:179.25,180.58 1 1
github.com/TerraDharitri/drt-go-vm-common/output.go:181.19,182.33 1 1
github.com/TerraDharitri/drt-go-vm-common/output.go:183.16,184.45 1 1
github.com/TerraDharitri/drt-go-vm-common/output.go:187.2,187.55 1 1
github.com/TerraDharitri/drt-go-vm-common/output.go:191.72,193.50 2 0
github.com/TerraDharitri/drt-go-vm-common/output.go:193.50,194.52 1 0
github.com/TerraDharitri/drt-go-vm-common/output.go:194.52,195.41 1 0
github.com/TerraDharitri/drt-go-vm-common/output.go:195.41,197.5 1 0
github.com/TerraDharitri/drt-go-vm-common/output.go:201.2,201.29 1 0
github.com/TerraDharitri/drt-go-vm-common/output.go:205.101,207.36 1 0
github.com/TerraDharitri/drt-go-vm-common/output.go:207.36,209.3 1 0
github.com/TerraDharitri/drt-go-vm-common/output.go:211.2,213.50 3 0
github.com/TerraDharitri/drt-go-vm-common/output.go:213.50,214.62 1 0
github.com/TerraDharitri/drt-go-vm-common/output.go:214.62,215.27 1 0
github.com/TerraDharitri/drt-go-vm-common/output.go:215.27,217.5 1 0
github.com/TerraDharitri/drt-go-vm-common/output.go:218.4,219.20 2 0
github.com/TerraDharitri/drt-go-vm-common/output.go:222.2,222.15 1 0
github.com/TerraDharitri/drt-go-vm-common/output.go:222.15,224.3 1 0
github.com/TerraDharitri/drt-go-vm-common/output.go:226.2,226.12 1 0
github.com/TerraDharitri/drt-go-vm-common/output.go:230.68,231.30 1 1
github.com/TerraDharitri/drt-go-vm-common/output.go:231.30,233.3 1 1
github.com/TerraDharitri/drt-go-vm-common/output.go:235.2,237.27 2 1
github.com/TerraDharitri/drt-go-vm-common/output.go:237.27,239.3 1 1
github.com/TerraDharitri/drt-go-vm-common/output.go:240.2,240.27 1 1
github.com/TerraDharitri/drt-go-vm-common/output.go:240.27,242.3 1 0
github.com/TerraDharitri/drt-go-vm-common/output.go:243.2,243.32 1 1
github.com/TerraDharitri/drt-go-vm-common/output.go:243.32,245.3 1 1
github.com/TerraDharitri/drt-go-vm-common/output.go:246.2,246.26 1 1
github.com/TerraDharitri/drt-go-vm-common/output.go:246.26,248.3 1 1
github.com/TerraDharitri/drt-go-vm-common/output.go:249.2,249.34 1 1
github.com/TerraDharitri/drt-go-vm-common/output.go:249.34,251.3 1 0
github.com/TerraDharitri/drt-go-vm-common/output.go:252.2,252.28 1 1
github.com/TerraDharitri/drt-go-vm-common/output.go:252.28,254.3 1 1
github.com/TerraDharitri/drt-go-vm-common/output.go:256.2,258.48 3 1
github.com/TerraDharitri/drt-go-vm-common/output.go:258.48,260.3 1 1
github.com/TerraDharitri/drt-go-vm-common/output.go:262.2,264.39 2 1
github.com/TerraDharitri/drt-go-vm-common/output.go:264.39,266.3 1 0
github.com/TerraDharitri/drt-go-vm-common/output.go:270.68,271.29 1 1
github.com/TerraDharitri/drt-go-vm-common/output.go:271.29,273.3 1 1
github.com/TerraDharitri/drt-go-vm-common/output.go:274.2,274.49 1 1
github.com/TerraDharitri/drt-go-vm-common/output.go:274.49,276.3 1 1
github.com/TerraDharitri/drt-go-vm-common/output.go:280.53,281.29 1 0
github.com/TerraDharitri/drt-go-vm-common/output.go:281.29,283.3 1 0
github.com/TerraDharitri/drt-go-vm-common/output.go:284.2,284.25 1 0
github.com/TerraDharitri/drt-go-vm-common/output.go:288.97,294.2 5 0
github.com/TerraDharitri/drt-go-vm-common/returnCodes.go:8.38,9.12 1 0
github.com/TerraDharitri/drt-go-vm-common/returnCodes.go:10.10,11.14 1 0
github.com/TerraDharitri/drt-go-vm-common/returnCodes.go:12.24,13.30 1 0
github.com/TerraDharitri/drt-go-vm-common/returnCodes.go:14.30,15.40 1 0
github.com/TerraDharitri/drt-go-vm-common/returnCodes.go:16.24,17.30 1 0
github.com/TerraDharitri/drt-go-vm-common/returnCodes.go:18.17,19.22 1 0
github.com/TerraDharitri/drt-go-vm-common/returnCodes.go:20.16,21.22 1 0
github.com/TerraDharitri/drt-go-vm-common/returnCodes.go:22.24,23.29 1 0
github.com/TerraDharitri/drt-go-vm-common/returnCodes.go:24.18,25.24 1 0
github.com/TerraDharitri/drt-go-vm-common/returnCodes.go:26.25,27.31 1 0
github.com/TerraDharitri/drt-go-vm-common/returnCodes.go:28.23,29.28 1 0
github.com/TerraDharitri/drt-go-vm-common/returnCodes.go:30.23,31.28 1 0
github.com/TerraDharitri/drt-go-vm-common/returnCodes.go:32.10,33.52 1 0
github.com/TerraDharitri/drt-go-vm-common/parsers/callArgsParser.go:9.42,11.2 1 4
github.com/TerraDharitri/drt-go-vm-common/parsers/callArgsParser.go:15.80,20.16 4 5
github.com/TerraDharitri/drt-go-vm-common/parsers/callArgsParser.go:20.16,22.3 1 2
github.com/TerraDharitri/drt-go-vm-common/parsers/callArgsParser.go:24.2,25.16 2 3
github.com/TerraDharitri/drt-go-vm-common/parsers/callArgsParser.go:25.16,27.3 1 0
github.com/TerraDharitri/drt-go-vm-common/parsers/callArgsParser.go:29.2,30.16 2 3
github.com/TerraDharitri/drt-go-vm-common/parsers/callArgsParser.go:30.16,32.3 1 1
github.com/TerraDharitri/drt-go-vm-common/parsers/callArgsParser.go:34.2,34.33 1 2
github.com/TerraDharitri/drt-go-vm-common/parsers/callArgsParser.go:39.77,44.16 5 4
github.com/TerraDharitri/drt-go-vm-common/parsers/callArgsParser.go:44.16,46.3 1 1
github.com/TerraDharitri/drt-go-vm-common/parsers/callArgsParser.go:47.2,49.23 2 3
github.com/TerraDharitri/drt-go-vm-common/parsers/callArgsParser.go:52.78,53.39 1 3
github.com/TerraDharitri/drt-go-vm-common/parsers/callArgsParser.go:53.39,55.3 1 0
github.com/TerraDharitri/drt-go-vm-common/parsers/callArgsParser.go:57.2,58.22 2 3
github.com/TerraDharitri/drt-go-vm-common/parsers/callArgsParser.go:61.81,64.53 2 7
github.com/TerraDharitri/drt-go-vm-common/parsers/callArgsParser.go:64.53,66.17 2 8
github.com/TerraDharitri/drt-go-vm-common/parsers/callArgsParser.go:66.17,68.4 1 2
github.com/TerraDharitri/drt-go-vm-common/parsers/callArgsParser.go:70.3,70.42 1 6
github.com/TerraDharitri/drt-go-vm-common/parsers/callArgsParser.go:73.2,73.23 1 5
github.com/TerraDharitri/drt-go-vm-common/parsers/callArgsParser.go:77.53,79.2 1 0
github.com/TerraDharitri/drt-go-vm-common/parsers/dcdtTransferParser.go:32.32,33.29 1 7
github.com/TerraDharitri/drt-go-vm-common/parsers/dcdtTransferParser.go:33.29,35.3 1 1
github.com/TerraDharitri/drt-go-vm-common/parsers/dcdtTransferParser.go:37.2,37.57 1 6
github.com/TerraDharitri/drt-go-vm-common/parsers/dcdtTransferParser.go:46.42,47.18 1 18
github.com/TerraDharitri/drt-go-vm-common/parsers/dcdtTransferParser.go:48.40,49.50 1 3
github.com/TerraDharitri/drt-go-vm-common/parsers/dcdtTransferParser.go:50.43,51.62 1 4
github.com/TerraDharitri/drt-go-vm-common/parsers/dcdtTransferParser.go:52.48,53.52 1 10
github.com/TerraDharitri/drt-go-vm-common/parsers/dcdtTransferParser.go:54.10,55.38 1 1
github.com/TerraDharitri/drt-go-vm-common/parsers/dcdtTransferParser.go:59.124,60.40 1 3
github.com/TerraDharitri/drt-go-vm-common/parsers/dcdtTransferParser.go:60.40,62.3 1 1
github.com/TerraDharitri/drt-go-vm-common/parsers/dcdtTransferParser.go:63.2,69.40 2 2
github.com/TerraDharitri/drt-go-vm-common/parsers/dcdtTransferParser.go:69.40,71.3 1 1
github.com/TerraDharitri/drt-go-vm-common/parsers/dcdtTransferParser.go:72.2,72.42 1 2
github.com/TerraDharitri/drt-go-vm-common/parsers/dcdtTransferParser.go:72.42,74.3 1 1
github.com/TerraDharitri/drt-go-vm-common/parsers/dcdtTransferParser.go:75.2,82.27 2 2
github.com/TerraDharitri/drt-go-vm-common/parsers/dcdtTransferParser.go:85.136,86.43 1 4
github.com/TerraDharitri/drt-go-vm-common/parsers/dcdtTransferParser.go:86.43,88.3 1 1
github.com/TerraDharitri/drt-go-vm-common/parsers/dcdtTransferParser.go:89.2,96.35 2 3
github.com/TerraDharitri/drt-go-vm-common/parsers/dcdtTransferParser.go:96.35,98.3 1 3
github.com/TerraDharitri/drt-go-vm-common/parsers/dcdtTransferParser.go:99.2,99.43 1 3
github.com/TerraDharitri/drt-go-vm-common/parsers/dcdtTransferParser.go:99.43,101.3 1 2
github.com/TerraDharitri/drt-go-vm-common/parsers/dcdtTransferParser.go:102.2,102.45 1 3
github.com/TerraDharitri/drt-go-vm-common/parsers/dcdtTransferParser.go:102.45,104.3 1 2
github.com/TerraDharitri/drt-go-vm-common/parsers/dcdtTransferParser.go:105.2,112.27 2 3
github.com/TerraDharitri/drt-go-vm-common/parsers/dcdtTransferParser.go:115.126,116.48 1 10
github.com/TerraDharitri/drt-go-vm-common/parsers/dcdtTransferParser.go:116.48,118.3 1 1
github.com/TerraDharitri/drt-go-vm-common/parsers/dcdtTransferParser.go:119.2,130.30 6 9
github.com/TerraDharitri/drt-go-vm-common/parsers/dcdtTransferParser.go:130.30,135.3 4 6
github.com/TerraDharitri/drt-go-vm-common/parsers/dcdtTransferParser.go:137.2,138.36 2 9
github.com/TerraDharitri/drt-go-vm-common/parsers/dcdtTransferParser.go:138.36,140.3 1 2
github.com/TerraDharitri/drt-go-vm-common/parsers/dcdtTransferParser.go:142.2,142.36 1 7
github.com/TerraDharitri/drt-go-vm-common/parsers/dcdtTransferParser.go:142.36,144.3 1 4
github.com/TerraDharitri/drt-go-vm-common/parsers/dcdtTransferParser.go:145.2,145.38 1 7
github.com/TerraDharitri/drt-go-vm-common/parsers/dcdtTransferParser.go:145.38,147.3 1 4
github.com/TerraDharitri/drt-go-vm-common/parsers/dcdtTransferParser.go:149.2,151.54 3 7
github.com/TerraDharitri/drt-go-vm-common/parsers/dcdtTransferParser.go:151.54,154.17 3 11
github.com/TerraDharitri/drt-go-vm-common/parsers/dcdtTransferParser.go:154.17,156.4 1 0
github.com/TerraDharitri/drt-go-vm-common/parsers/dcdtTransferParser.go:159.2,159.27 1 7
github.com/TerraDharitri/drt-go-vm-common/parsers/dcdtTransferParser.go:166.35,173.37 2 11
github.com/TerraDharitri/drt-go-vm-common/parsers/dcdtTransferParser.go:173.37,176.94 2 7
github.com/TerraDharitri/drt-go-vm-common/parsers/dcdtTransferParser.go:176.94,179.18 3 3
github.com/TerraDharitri/drt-go-vm-common/parsers/dcdtTransferParser.go:179.18,181.5 1 0
github.com/TerraDharitri/drt-go-vm-common/parsers/dcdtTransferParser.go:182.4,182.54 1 3
github.com/TerraDharitri/drt-go-vm-common/parsers/dcdtTransferParser.go:186.2,186.26 1 11
github.com/TerraDharitri/drt-go-vm-common/parsers/dcdtTransferParser.go:190.52,192.2 1 1
github.com/TerraDharitri/drt-go-vm-common/parsers/deployArgsParser.go:19.46,21.2 1 2
github.com/TerraDharitri/drt-go-vm-common/parsers/deployArgsParser.go:25.77,29.16 3 10
github.com/TerraDharitri/drt-go-vm-common/parsers/deployArgsParser.go:29.16,31.3 1 2
github.com/TerraDharitri/drt-go-vm-common/parsers/deployArgsParser.go:33.2,33.41 1 8
github.com/TerraDharitri/drt-go-vm-common/parsers/deployArgsParser.go:33.41,35.3 1 1
github.com/TerraDharitri/drt-go-vm-common/parsers/deployArgsParser.go:37.2,38.16 2 7
github.com/TerraDharitri/drt-go-vm-common/parsers/deployArgsParser.go:38.16,40.3 1 1
github.com/TerraDharitri/drt-go-vm-common/parsers/deployArgsParser.go:42.2,43.16 2 6
github.com/TerraDharitri/drt-go-vm-common/parsers/deployArgsParser.go:43.16,45.3 1 2
github.com/TerraDharitri/drt-go-vm-common/parsers/deployArgsParser.go:47.2,48.16 2 4
github.com/TerraDharitri/drt-go-vm-common/parsers/deployArgsParser.go:48.16,50.3 1 1
github.com/TerraDharitri/drt-go-vm-common/parsers/deployArgsParser.go:52.2,53.16 2 3
github.com/TerraDharitri/drt-go-vm-common/parsers/deployArgsParser.go:53.16,55.3 1 1
github.com/TerraDharitri/drt-go-vm-common/parsers/deployArgsParser.go:57.2,57.20 1 2
github.com/TerraDharitri/drt-go-vm-common/parsers/deployArgsParser.go:60.76,63.16 3 7
github.com/TerraDharitri/drt-go-vm-common/parsers/deployArgsParser.go:63.16,65.3 1 1
github.com/TerraDharitri/drt-go-vm-common/parsers/deployArgsParser.go:67.2,67.18 1 6
github.com/TerraDharitri/drt-go-vm-common/parsers/deployArgsParser.go:70.78,72.25 2 6
github.com/TerraDharitri/drt-go-vm-common/parsers/deployArgsParser.go:72.25,74.3 1 1
github.com/TerraDharitri/drt-go-vm-common/parsers/deployArgsParser.go:76.2,77.16 2 5
github.com/TerraDharitri/drt-go-vm-common/parsers/deployArgsParser.go:77.16,79.3 1 1
github.com/TerraDharitri/drt-go-vm-common/parsers/deployArgsParser.go:81.2,81.20 1 4
github.com/TerraDharitri/drt-go-vm-common/parsers/deployArgsParser.go:84.99,87.16 3 4
github.com/TerraDharitri/drt-go-vm-common/parsers/deployArgsParser.go:87.16,89.3 1 1
github.com/TerraDharitri/drt-go-vm-common/parsers/deployArgsParser.go:91.2,92.26 2 3
github.com/TerraDharitri/drt-go-vm-common/parsers/deployArgsParser.go:95.83,98.66 2 3
github.com/TerraDharitri/drt-go-vm-common/parsers/deployArgsParser.go:98.66,100.17 2 3
github.com/TerraDharitri/drt-go-vm-common/parsers/deployArgsParser.go:100.17,102.4 1 1
github.com/TerraDharitri/drt-go-vm-common/parsers/deployArgsParser.go:104.3,104.42 1 2
github.com/TerraDharitri/drt-go-vm-common/parsers/deployArgsParser.go:107.2,107.23 1 2
github.com/TerraDharitri/drt-go-vm-common/parsers/deployArgsParser.go:111.55,113.2 1 0
github.com/TerraDharitri/drt-go-vm-common/parsers/storageUpdatesParser.go:13.54,15.2 1 4
github.com/TerraDharitri/drt-go-vm-common/parsers/storageUpdatesParser.go:18.103,22.16 3 3
github.com/TerraDharitri/drt-go-vm-common/parsers/storageUpdatesParser.go:22.16,24.3 1 1
github.com/TerraDharitri/drt-go-vm-common/parsers/storageUpdatesParser.go:25.2,26.16 2 2
github.com/TerraDharitri/drt-go-vm-common/parsers/storageUpdatesParser.go:26.16,28.3 1 1
github.com/TerraDharitri/drt-go-vm-common/parsers/storageUpdatesParser.go:30.2,31.38 2 1
github.com/TerraDharitri/drt-go-vm-common/parsers/storageUpdatesParser.go:31.38,33.17 2 3
github.com/TerraDharitri/drt-go-vm-common/parsers/storageUpdatesParser.go:33.17,35.4 1 0
github.com/TerraDharitri/drt-go-vm-common/parsers/storageUpdatesParser.go:37.3,38.17 2 3
github.com/TerraDharitri/drt-go-vm-common/parsers/storageUpdatesParser.go:38.17,40.4 1 0
github.com/TerraDharitri/drt-go-vm-common/parsers/storageUpdatesParser.go:42.3,43.57 2 3
github.com/TerraDharitri/drt-go-vm-common/parsers/storageUpdatesParser.go:46.2,46.28 1 1
github.com/TerraDharitri/drt-go-vm-common/parsers/storageUpdatesParser.go:50.114,52.43 2 2
github.com/TerraDharitri/drt-go-vm-common/parsers/storageUpdatesParser.go:52.43,58.32 5 3
github.com/TerraDharitri/drt-go-vm-common/parsers/storageUpdatesParser.go:58.32,60.4 1 2
github.com/TerraDharitri/drt-go-vm-common/parsers/storageUpdatesParser.go:62.2,62.13 1 2
github.com/TerraDharitri/drt-go-vm-common/parsers/storageUpdatesParser.go:66.59,68.2 1 0
github.com/TerraDharitri/drt-go-vm-common/parsers/tokenize.go:8.46,11.45 2 18
github.com/TerraDharitri/drt-go-vm-common/parsers/tokenize.go:11.45,13.3 1 5
github.com/TerraDharitri/drt-go-vm-common/parsers/tokenize.go:15.2,15.20 1 13
github.com/TerraDharitri/drt-go-vm-common/parsers/tokenize.go:18.48,20.16 2 33
github.com/TerraDharitri/drt-go-vm-common/parsers/tokenize.go:20.16,22.3 1 6
github.com/TerraDharitri/drt-go-vm-common/parsers/tokenize.go:24.2,24.21 1 27
github.com/TerraDharitri/drt-go-vm-common/parsers/tokenize.go:27.51,28.49 1 3
github.com/TerraDharitri/drt-go-vm-common/parsers/tokenize.go:28.49,30.3 1 0
github.com/TerraDharitri/drt-go-vm-common/parsers/tokenize.go:32.2,32.13 1 3
github.com/TerraDharitri/drt-go-vm-common/parsers/tokenize.go:35.52,36.24 1 2
github.com/TerraDharitri/drt-go-vm-common/parsers/tokenize.go:36.24,38.3 1 1
github.com/TerraDharitri/drt-go-vm-common/parsers/tokenize.go:40.2,40.29 1 1
github.com/TerraDharitri/drt-go-vm-common/dataTrieMigrator/dataTrieMigrator.go:27.74,34.2 1 7
github.com/TerraDharitri/drt-go-vm-common/dataTrieMigrator/dataTrieMigrator.go:38.59,39.41 1 3
github.com/TerraDharitri/drt-go-vm-common/dataTrieMigrator/dataTrieMigrator.go:39.41,41.3 1 1
github.com/TerraDharitri/drt-go-vm-common/dataTrieMigrator/dataTrieMigrator.go:43.2,45.44 2 2
github.com/TerraDharitri/drt-go-vm-common/dataTrieMigrator/dataTrieMigrator.go:50.129,51.44 1 5
github.com/TerraDharitri/drt-go-vm-common/dataTrieMigrator/dataTrieMigrator.go:51.44,53.3 1 1
github.com/TerraDharitri/drt-go-vm-common/dataTrieMigrator/dataTrieMigrator.go:55.2,55.47 1 4
github.com/TerraDharitri/drt-go-vm-common/dataTrieMigrator/dataTrieMigrator.go:55.47,57.3 1 3
github.com/TerraDharitri/drt-go-vm-common/dataTrieMigrator/dataTrieMigrator.go:59.2,59.52 1 4
github.com/TerraDharitri/drt-go-vm-common/dataTrieMigrator/dataTrieMigrator.go:62.91,63.43 1 3
github.com/TerraDharitri/drt-go-vm-common/dataTrieMigrator/dataTrieMigrator.go:63.43,65.3 1 1
github.com/TerraDharitri/drt-go-vm-common/dataTrieMigrator/dataTrieMigrator.go:67.2,69.67 2 2
github.com/TerraDharitri/drt-go-vm-common/dataTrieMigrator/dataTrieMigrator.go:73.70,75.2 1 1
github.com/TerraDharitri/drt-go-vm-common/dataTrieMigrator/dataTrieMigrator.go:78.55,80.2 1 2
github.com/TerraDharitri/drt-go-vm-common/dataTrieMigrator/dataTrieMigrator.go:83.52,85.2 1 1
github.com/TerraDharitri/drt-go-vm-common/container/mutexMap.go:12.30,16.2 1 13
github.com/TerraDharitri/drt-go-vm-common/container/mutexMap.go:19.62,25.2 4 107
github.com/TerraDharitri/drt-go-vm-common/container/mutexMap.go:29.67,33.9 3 102
github.com/TerraDharitri/drt-go-vm-common/container/mutexMap.go:33.9,35.3 1 101
github.com/TerraDharitri/drt-go-vm-common/container/mutexMap.go:37.2,39.12 2 102
github.com/TerraDharitri/drt-go-vm-common/container/mutexMap.go:43.59,47.2 3 215
github.com/TerraDharitri/drt-go-vm-common/container/mutexMap.go:50.45,54.2 3 102
github.com/TerraDharitri/drt-go-vm-common/container/mutexMap.go:57.31,62.2 3 4
github.com/TerraDharitri/drt-go-vm-common/container/mutexMap.go:65.42,68.27 3 102
github.com/TerraDharitri/drt-go-vm-common/container/mutexMap.go:68.27,70.3 1 303
github.com/TerraDharitri/drt-go-vm-common/container/mutexMap.go:71.2,73.13 2 102
github.com/TerraDharitri/drt-go-vm-common/container/mutexMap.go:77.44,80.34 3 103
github.com/TerraDharitri/drt-go-vm-common/container/mutexMap.go:80.34,82.3 1 5156
github.com/TerraDharitri/drt-go-vm-common/container/mutexMap.go:83.2,85.15 2 103
github.com/TerraDharitri/drt-go-vm-common/builtInFunctions/baseAccountGuarder.go:32.86,33.34 1 29
github.com/TerraDharitri/drt-go-vm-common/builtInFunctions/baseAccountGuarder.go:33.34,35.3 1 3
github.com/TerraDharitri/drt-go-vm-common/builtInFunctions/baseAccountGuarder.go:36.2,36.43 1 26
github.com/TerraDharitri/drt-go-vm-common/builtInFunctions/baseAccountGuarder.go:36.43,38.3 1 2
github.com/TerraDharitri/drt-go-vm-common/builtInFunctions/baseAccountGuarder.go:39.2,39.45 1 24
github.com/TerraDharitri/drt-go-vm-common/builtInFunctions/baseAccountGuarder.go:39.45,41.3 1 1
github.com/TerraDharitri/drt-go-vm-common/builtInFunctions/baseAccountGuarder.go:43.2,50.41 2 23
github.com/TerraDharitri/drt-go-vm-common/builtInFunctions/baseAccountGuarder.go:50.41,52.3 1 0
github.com/TerraDharitri/drt-go-vm-common/builtInFunctions/baseAccountGuarder.go:54.2,54.24 1 23
github.com/TerraDharitri/drt-go-vm-common/builtInFunctions/baseAccountGuarder.go:64.9,66.25 2 19
github.com/TerraDharitri/drt-go-vm-common/builtInFunctions/baseAccountGuarder.go:66.25,68.3 1 1
github.com/TerraDharitri/drt-go-vm-common/builtInFunctions/baseAccountGuarder.go:69.2,69.18 1 18
github.com/TerraDharitri/drt-go-vm-common/builtInFunctions/baseAccountGuarder.go:69.18,71.3 1 1
github.com/TerraDharitri/drt-go-vm-common/builtInFunctions/baseAccountGuarder.go:72.2,72.20 1 17
github.com/TerraDharitri/drt-go-vm-common/builtInFunctions/baseAccountGuarder.go:72.20,74.3 1 2
github.com/TerraDharitri/drt-go-vm-common/builtInFunctions/baseAccountGuarder.go:75.2,75.45 1 15
github.com/TerraDharitri/drt-go-vm-common/builtInFunctions/baseAccountGuarder.go:75.45,77.3 1 1
github.com/TerraDharitri/drt-go-vm-common/builtInFunctions/baseAccountGuarder.go:78.2,78.43 1 14
github.com/TerraDharitri/drt-go-vm-common/builtInFunctions/baseAccountGuarder.go:78.43,80.3 1 1
github.com/TerraDharitri/drt-go-vm-common/builtInFunctions/baseAccountGuarder.go:82.2,82.12 1 13
github.com/TerraDharitri/drt-go-vm-common/builtInFunctions/baseAccountGuarder.go:85.30,87.2 1 17
github.com/TerraDharitri/drt-go-vm-common/builtInFunctions/baseActiveHandler.go:7.50,9.2 1 2
github.com/TerraDharitri/drt-go-vm-common/builtInFunctions/baseActiveHandler.go:12.56,14.2 1 1
github.com/TerraDharitri/drt-go-vm-common/builtInFunctions/baseActiveHandler.go:21.45,23.2 1 28
github.com/TerraDharitri/drt-go-vm-common/builtInFunctions/baseActiveHandler.go:26.51,28.2 1 4
github.com/TerraDharitri/drt-go-vm-common/builtInFunctions/baseComponentsHolder.go:27.9,29.60 2 24
github.com/TerraDharitri/drt-go-vm-common/builtInFunctions/baseComponentsHolder.go:29.60,31.3 1 0
github.com/TerraDharitri/drt-go-vm-common/builtInFunctions/baseComponentsHolder.go:32.2,33.16 2 24
github.com/TerraDharitri/drt-go-vm-common/builtInFunctions/baseComponentsHolder.go:33.16,35.3 1 2
github.com/TerraDharitri/drt-go-vm-common/builtInFunctions/baseComponentsHolder.go:37.2,40.62 3 22
github.com/TerraDharitri/drt-go-vm-common/builtInFunctions/baseComponentsHolder.go:40.62,42.17 2 8
github.com/TerraDharitri/drt-go-vm-common/builtInFunctions/baseComponentsHolder.go:42.17,44.4 1 0
github.com/TerraDharitri/drt-go-vm-common/builtInFunctions/baseComponentsHolder.go:45.3,45.33 1 8
github.com/TerraDharitri/drt-go-vm-common/builtInFunctions/baseComponentsHolder.go:45.33,48.4 2 0
github.com/TerraDharitri/drt-go-vm-common/builtInFunctions/baseComponentsHolder.go:51.2,52.16 2 22
github.com/TerraDharitri/drt-go-vm-common/builtInFunctions/baseComponentsHolder.go:52.16,54.3 1 0
github.com/TerraDharitri/drt-go-vm-common/builtInFunctions/baseComponentsHolder.go:55.2,64.16 4 22
github.com/TerraDharitri/drt-go-vm-common/builtInFunctions/baseComponentsHolder.go:64.16,66.3 1 1
github.com/TerraDharitri/drt-go-vm-common/builtInFunctions/baseComponentsHolder.go:68.2,69.18 2 21
github.com/TerraDharitri/drt-go-vm-common/builtInFunctions/baseComponentsHolder.go:69.18,71.17 2 1
github.com/TerraDharitri/drt-go-vm-common/builtInFunctions/baseComponentsHolder.go:71.17,73.4 1 0
github.com/TerraDharitri/drt-go-vm-common/builtInFunctions/baseComponentsHolder.go:76.2,76.12 1 21
github.com/TerraDharitri/drt-go-vm-common/builtInFunctions/baseComponentsHolder.go:79.193,80.57 1 25
github.com/TerraDharitri/drt-go-vm-common/builtInFunctions/baseComponentsHolder.go:80.57,82.3 1 21
github.com/TerraDharitri/drt-go-vm-common/builtInFunctions/baseComponentsHolder.go:84.2,84.90 1 4
github.com/TerraDharitri/drt-go-vm-common/builtInFunctions/baseComponentsHolder.go:87.189,88.42 1 4
github.com/TerraDharitri/drt-go-vm-common/builtInFunctions/baseComponentsHolder.go:88.42,90.3 1 0
github.com/TerraDharitri/drt-go-vm-common/builtInFunctions/baseComponentsHolder.go:92.2,93.16 2 4
github.com/TerraDharitri/drt-go-vm-common/builtInFunctions/baseComponentsHolder.go:93.16,95.3 1 0
github.com/TerraDharitri/drt-go-vm-common/builtInFunctions/baseComponentsHolder.go:96.2,97.16 2 4
github.com/TerraDharitri/drt-go-vm-common/builtInFunctions/baseComponentsHolder.go:97.16,99.3 1 0
github.com/TerraDharitri/drt-go-vm-common/builtInFunctions/baseComponentsHolder.go:101.2,101.63 1 4
github.com/TerraDharitri/drt-go-vm-common/builtInFunctions/baseComponentsHolder.go:101.63,103.3 1 2
github.com/TerraDharitri/drt-go-vm-common/builtInFunctions/baseComponentsHolder.go:105.2,105.67 1 2
github.com/TerraDharitri/drt-go-vm-common/builtInFunctions/baseComponentsHolder.go:105.67,108.3 2 0
github.com/TerraDharitri/drt-go-vm-common/builtInFunctions/baseComponentsHolder.go:109.2,109.73 1 2
github.com/TerraDharitri/drt-go-vm-common/builtInFunctions/baseComponentsHolder.go:109.73,112.3 2 2
github.com/TerraDharitri/drt-go-vm-common/builtInFunctions/baseComponentsHolder.go:113.2,113.77 1 2
github.com/TerraDharitri/drt-go-vm-common/builtInFunctions/baseComponentsHolder.go:113.77,116.3 2 2
github.com/TerraDharitri/drt-go-vm-common/builtInFunctions/baseComponentsHolder.go:117.2,117.67 1 2
github.com/TerraDharitri/drt-go-vm-common/builtInFunctions/baseComponentsHolder.go:117.67,120.3 2 0
github.com/TerraDharitri/drt-go-vm-common/builtInFunctions/baseComponentsHolder.go:121.2,121.67 1 2
github.com/TerraDharitri/drt-go-vm-common/builtInFunctions/baseComponentsHolder.go:121.67,124.3 2 0
github.com/TerraDharitri/drt-go-vm-common/builtInFunctions/baseComponentsHolder.go:125.2,125.79 1 2
github.com/TerraDharitri/drt-go-vm-common/builtInFunctions/baseComponentsHolder.go:125.79,128.3 2 1
github.com/TerraDharitri/drt-go-vm-common/builtInFunctions/baseComponentsHolder.go:130.2,131.16 2 2
github.com/TerraDharitri/drt-go-vm-common/builtInFunctions/baseComponentsHolder.go:131.16,133.3 1 0
github.com/TerraDharitri/drt-go-vm-common/builtInFunctions/baseComponentsHolder.go:135.2,135.30 1 2
github.com/TerraDharitri/drt-go-vm-common/builtInFunctions/baseGuardAccount.go:23.76,25.16 2 17
github.com/TerraDharitri/drt-go-vm-common/builtInFunctions/baseGuardAccount.go:25.16,27.3 1 2
github.com/TerraDharitri/drt-go-vm-common/builtInFunctions/baseGuardAccount.go:29.2,33.26 2 15
github.com/TerraDharitri/drt-go-vm-common/builtInFunctions/baseGuardAccount.go:39.9,40.26 1 8
github.com/TerraDharitri/drt-go-vm-common/builtInFunctions/baseGuardAccount.go:40.26,42.3 1 2
github.com/TerraDharitri/drt-go-vm-common/builtInFunctions/baseGuardAccount.go:43.2,43.20 1 6
github.com/TerraDharitri/drt-go-vm-common/builtInFunctions/baseGuardAccount.go:43.20,45.3 1 0
github.com/TerraDharitri/drt-go-vm-common/builtInFunctions/baseGuardAccount.go:47.2,49.23 3 6
github.com/TerraDharitri/drt-go-vm-common/builtInFunctions/baseGuardAccount.go:49.23,51.3 1 0
github.com/TerraDharitri/drt-go-vm-common/builtInFunctions/baseGuardAccount.go:52.2,59.16 2 6
github.com/TerraDharitri/drt-go-vm-common/builtInFunctions/baseGuardAccount.go:59.16,61.3 1 0
github.com/TerraDharitri/drt-go-vm-common/builtInFunctions/baseGuardAccount.go:64.2,65.12 2 6
github.com/TerraDharitri/drt-go-vm-common/builtInFunctions/baseGuardAccount.go:68.81,71.2 2 4
github.com/TerraDharitri/drt-go-vm-common/builtInFunctions/baseGuardAccount.go:74.73,78.2 3 3
github.com/TerraDharitri/drt-go-vm-common/builtInFunctions/blockchainDataProvider.go:13.58,17.2 1 86
github.com/TerraDharitri/drt-go-vm-common/builtInFunctions/blockchainDataProvider.go:20.102,21.33 1 2
github.com/TerraDharitri/drt-go-vm-common/builtInFunctions/blockchainDataProvider.go:21.33,23.3 1 1
github.com/TerraDharitri/drt-go-vm-common/builtInFunctions/blockchainDataProvider.go:25.2,26.12 2 1
github.com/TerraDharitri/drt-go-vm-common/builtInFunctions/blockchainDataProvider.go:30.56,32.2 1 12
github.com/TerraDharitri/drt-go-vm-common/builtInFunctions/blockchainDataProvider.go:35.56,37.2 1 2
github.com/TerraDharitri/drt-go-vm-common/builtInFunctions/changeOwnerAddress.go:22.127,23.38 1 4
github.com/TerraDharitri/drt-go-vm-common/builtInFunctions/changeOwnerAddress.go:23.38,25.3 1 1
github.com/TerraDharitri/drt-go-vm-common/builtInFunctions/changeOwnerAddress.go:27.2,30.8 1 3
github.com/TerraDharitri/drt-go-vm-common/builtInFunctions/changeOwnerAddress.go:34.73,35.20 1 2
github.com/TerraDharitri/drt-go-vm-common/builtInFunctions/changeOwnerAddress.go:35.20,37.3 1 0
github.com/TerraDharitri/drt-go-vm-common/builtInFunctions/changeOwnerAddress.go:39.2,41.25 3 2
github.com/TerraDharitri/drt-go-vm-common/builtInFunctions/changeOwnerAddress.go:48.31,52.20 3 6
github.com/TerraDharitri/drt-go-vm-common/builtInFunctions/changeOwnerAddress.go:52.20,54.3 1 1
github.com/TerraDharitri/drt-go-vm-common/builtInFunctions/changeOwnerAddress.go:55.2,55.33 1 5
github.com/TerraDharitri/drt-go-vm-common/builtInFunctions/changeOwnerAddress.go:55.33,57.3 1 1
github.com/TerraDharitri/drt-go-vm-common/builtInFunctions/changeOwnerAddress.go:58.2,58.38 1 4
github.com/TerraDharitri/drt-go-vm-common/builtInFunctions/changeOwnerAddress.go:58.38,60.3 1 0
github.com/TerraDharitri/drt-go-vm-common/builtInFunctions/changeOwnerAddress.go:61.2,61.58 1 4
github.com/TerraDharitri/drt-go-vm-common/builtInFunctions/changeOwnerAddress.go:61.58,63.3 1 0
github.com/TerraDharitri/drt-go-vm-common/builtInFunctions/changeOwnerAddress.go:64.2,64.37 1 4
github.com/TerraDharitri/drt-go-vm-common/builtInFunctions/changeOwnerAddress.go:64.37,66.3 1 0
github.com/TerraDharitri/drt-go-vm-common/builtInFunctions/changeOwnerAddress.go:67.2,71.26 3 4
github.com/TerraDharitri/drt-go-vm-common/builtInFunctions/changeOwnerAddress.go:71.26,74.3 2 2
github.com/TerraDharitri/drt-go-vm-common/builtInFunctions/changeOwnerAddress.go:76.2,76.65 1 2
github.com/TerraDharitri/drt-go-vm-common/builtInFunctions/changeOwnerAddress.go:76.65,78.3 1 0
github.com/TerraDharitri/drt-go-vm-common/builtInFunctions/changeOwnerAddress.go:80.2,81.16 2 2
github.com/TerraDharitri/drt-go-vm-common/builtInFunctions/changeOwnerAddress.go:81.16,83.3 1 0
github.com/TerraDharitri/drt-go-vm-common/builtInFunctions/changeOwnerAddress.go:85.2,93.22 4 2
github.com/TerraDharitri/drt-go-vm-common/builtInFunctions/changeOwnerAddress.go:96.177,97.87 1 2
github.com/TerraDharitri/drt-go-vm-common/builtInFunctions/changeOwnerAddress.go:97.87,99.3 1 1
github.com/TerraDharitri/drt-go-vm-common/builtInFunctions/changeOwnerAddress.go:101.2,102.44 2 1
github.com/TerraDharitri/drt-go-vm-common/builtInFunctions/changeOwnerAddress.go:102.44,104.3 1 0
github.com/TerraDharitri/drt-go-vm-common/builtInFunctions/changeOwnerAddress.go:106.2,114.12 1 1
github.com/TerraDharitri/drt-go-vm-common/builtInFunctions/changeOwnerAddress.go:117.126,118.14 1 50
github.com/TerraDharitri/drt-go-vm-common/builtInFunctions/changeOwnerAddress.go:118.14,120.3 1 0
github.com/TerraDharitri/drt-go-vm-common/builtInFunctions/changeOwnerAddress.go:122.2,122.56 1 50
github.com/TerraDharitri/drt-go-vm-common/builtInFunctions/changeOwnerAddress.go:125.103,126.28 1 60
github.com/TerraDharitri/drt-go-vm-common/builtInFunctions/changeOwnerAddress.go:126.28,128.3 1 1
github.com/TerraDharitri/drt-go-vm-common/builtInFunctions/changeOwnerAddress.go:131.2,131.22 1 59
github.com/TerraDharitri/drt-go-vm-common/builtInFunctions/changeOwnerAddress.go:131.22,133.3 1 10
github.com/TerraDharitri/drt-go-vm-common/builtInFunctions/changeOwnerAddress.go:135.2,135.31 1 49
github.com/TerraDharitri/drt-go-vm-common/builtInFunctions/changeOwnerAddress.go:139.52,141.2 1 2
github.com/TerraDharitri/drt-go-vm-common/builtInFunctions/claimDeveloperRewards.go:20.74,22.2 1 1
github.com/TerraDharitri/drt-go-vm-common/builtInFunctions/claimDeveloperRewards.go:25.76,26.20 1 1
github.com/TerraDharitri/drt-go-vm-common/builtInFunctions/claimDeveloperRewards.go:26.20,28.3 1 0
github.com/TerraDharitri/drt-go-vm-common/builtInFunctions/claimDeveloperRewards.go:30.2,32.25 3 1
github.com/TerraDharitri/drt-go-vm-common/builtInFunctions/claimDeveloperRewards.go:39.31,43.20 3 5
github.com/TerraDharitri/drt-go-vm-common/builtInFunctions/claimDeveloperRewards.go:43.20,45.3 1 1
github.com/TerraDharitri/drt-go-vm-common/builtInFunctions/claimDeveloperRewards.go:46.2,46.38 1 4
github.com/TerraDharitri/drt-go-vm-common/builtInFunctions/claimDeveloperRewards.go:46.38,48.3 1 0
github.com/TerraDharitri/drt-go-vm-common/builtInFunctions/claimDeveloperRewards.go:49.2,50.26 2 4
github.com/TerraDharitri/drt-go-vm-common/builtInFunctions/claimDeveloperRewards.go:50.26,55.3 1 1
github.com/TerraDharitri/drt-go-vm-common/builtInFunctions/claimDeveloperRewards.go:57.2,57.65 1 3
github.com/TerraDharitri/drt-go-vm-common/builtInFunctions/claimDeveloperRewards.go:57.65,59.3 1 1
github.com/TerraDharitri/drt-go-vm-common/builtInFunctions/claimDeveloperRewards.go:60.2,60.37 1 2
github.com/TerraDharitri/drt-go-vm-common/builtInFunctions/claimDeveloperRewards.go:60.37,62.3 1 0
github.com/TerraDharitri/drt-go-vm-common/builtInFunctions/claimDeveloperRewards.go:64.2,65.16 2 2
github.com/TerraDharitri/drt-go-vm-common/builtInFunctions/claimDeveloperRewards.go:65.16,67.3 1 0
github.com/TerraDharitri/drt-go-vm-common/builtInFunctions/claimDeveloperRewards.go:69.2,78.45 3 2
github.com/TerraDharitri/drt-go-vm-common/builtInFunctions/claimDeveloperRewards.go:78.45,83.3 4 0
github.com/TerraDharitri/drt-go-vm-common/builtInFunctions/claimDeveloperRewards.go:84.2,93.26 4 2
github.com/TerraDharitri/drt-go-vm-common/builtInFunctions/claimDeveloperRewards.go:93.26,97.3 2 1
github.com/TerraDharitri/drt-go-vm-common/builtInFunctions/claimDeveloperRewards.go:99.2,100.16 2 1
github.com/TerraDharitri/drt-go-vm-common/builtInFunctions/claimDeveloperRewards.go:100.16,102.3 1 0
github.com/TerraDharitri/drt-go-vm-common/builtInFunctions/claimDeveloperRewards.go:104.2,104.57 1 1
github.com/TerraDharitri/drt-go-vm-common/builtInFunctions/claimDeveloperRewards.go:104.57,106.3 1 0
github.com/TerraDharitri/drt-go-vm-common/builtInFunctions/claimDeveloperRewards.go:108.2,109.22 2 1
github.com/TerraDharitri/drt-go-vm-common/builtInFunctions/claimDeveloperRewards.go:117.3,128.2 4 3
github.com/TerraDharitri/drt-go-vm-common/builtInFunctions/claimDeveloperRewards.go:131.55,133.2 1 1
github.com/TerraDharitri/drt-go-vm-common/builtInFunctions/container.go:19.55,23.2 1 15
github.com/TerraDharitri/drt-go-vm-common/builtInFunctions/container.go:27.79,29.9 2 134
github.com/TerraDharitri/drt-go-vm-common/builtInFunctions/container.go:29.9,31.3 1 2
github.com/TerraDharitri/drt-go-vm-common/builtInFunctions/container.go:33.2,34.9 2 132
github.com/TerraDharitri/drt-go-vm-common/builtInFunctions/container.go:34.9,36.3 1 0
github.com/TerraDharitri/drt-go-vm-common/builtInFunctions/container.go:38.2,38.22 1 132
github.com/TerraDharitri/drt-go-vm-common/builtInFunctions/container.go:43.86,44.27 1 53
github.com/TerraDharitri/drt-go-vm-common/builtInFunctions/container.go:44.27,46.3 1 1
github.com/TerraDharitri/drt-go-vm-common/builtInFunctions/container.go:47.2,47.19 1 52
github.com/TerraDharitri/drt-go-vm-common/builtInFunctions/container.go:47.19,49.3 1 0
github.com/TerraDharitri/drt-go-vm-common/builtInFunctions/container.go:51.2,52.9 2 52
github.com/TerraDharitri/drt-go-vm-common/builtInFunctions/container.go:52.9,54.3 1 1
github.com/TerraDharitri/drt-go-vm-common/builtInFunctions/container.go:56.2,56.12 1 51
github.com/TerraDharitri/drt-go-vm-common/builtInFunctions/container.go:60.90,61.27 1 9
github.com/TerraDharitri/drt-go-vm-common/builtInFunctions/container.go:61.27,63.3 1 1
github.com/TerraDharitri/drt-go-vm-common/builtInFunctions/container.go:64.2,64.19 1 8
github.com/TerraDharitri/drt-go-vm-common/builtInFunctions/container.go:64.19,66.3 1 0
github.com/TerraDharitri/drt-go-vm-common/builtInFunctions/container.go:68.2,69.12 2 8
github.com/TerraDharitri/drt-go-vm-common/builtInFunctions/container.go:73.48,75.2 1 2
github.com/TerraDharitri/drt-go-vm-common/builtInFunctions/container.go:78.39,80.2 1 9
github.com/TerraDharitri/drt-go-vm-common/builtInFunctions/container.go:83.56,86.39 2 4
github.com/TerraDharitri/drt-go-vm-common/builtInFunctions/container.go:86.39,88.10 2 126
github.com/TerraDharitri/drt-go-vm-common/builtInFunctions/container.go:88.10,89.12 1 0
github.com/TerraDharitri/drt-go-vm-common/builtInFunctions/container.go:92.3,92.31 1 126
github.com/TerraDharitri/drt-go-vm-common/builtInFunctions/container.go:95.2,95.13 1 4
github.com/TerraDharitri/drt-go-vm-common/builtInFunctions/container.go:99.51,101.2 1 1
github.com/TerraDharitri/drt-go-vm-common/builtInFunctions/creator.go:12.31,12.46 1 7
github.com/TerraDharitri/drt-go-vm-common/builtInFunctions/creator.go:13.32,13.48 1 1
github.com/TerraDharitri/drt-go-vm-common/builtInFunctions/creator.go:50.103,51.35 1 11
github.com/TerraDharitri/drt-go-vm-common/builtInFunctions/creator.go:51.35,53.3 1 1
github.com/TerraDharitri/drt-go-vm-common/builtInFunctions/creator.go:54.2,54.32 1 10
github.com/TerraDharitri/drt-go-vm-common/builtInFunctions/creator.go:54.32,56.3 1 1
github.com/TerraDharitri/drt-go-vm-common/builtInFunctions/creator.go:57.2,57.33 1 9
github.com/TerraDharitri/drt-go-vm-common/builtInFunctions/creator.go:57.33,59.3 1 0
github.com/TerraDharitri/drt-go-vm-common/builtInFunctions/creator.go:60.2,60.35 1 9
github.com/TerraDharitri/drt-go-vm-common/builtInFunctions/creator.go:60.35,62.3 1 0
github.com/TerraDharitri/drt-go-vm-common/builtInFunctions/creator.go:63.2,63.40 1 9
github.com/TerraDharitri/drt-go-vm-common/builtInFunctions/creator.go:63.40,65.3 1 1
github.com/TerraDharitri/drt-go-vm-common/builtInFunctions/creator.go:66.2,66.43 1 8
github.com/TerraDharitri/drt-go-vm-common/builtInFunctions/creator.go:66.43,68.3 1 1
github.com/TerraDharitri/drt-go-vm-common/builtInFunctions/creator.go:69.2,70.16 2 7
github.com/TerraDharitri/drt-go-vm-common/builtInFunctions/creator.go:70.16,72.3 1 1
github.com/TerraDharitri/drt-go-vm-common/builtInFunctions/creator.go:73.2,73.45 1 6
github.com/TerraDharitri/drt-go-vm-common/builtInFunctions/creator.go:73.45,75.3 1 1
github.com/TerraDharitri/drt-go-vm-common/builtInFunctions/creator.go:77.2,91.16 3 5
github.com/TerraDharitri/drt-go-vm-common/builtInFunctions/creator.go:91.16,93.3 1 1
github.com/TerraDharitri/drt-go-vm-common/builtInFunctions/creator.go:94.2,96.15 2 4
github.com/TerraDharitri/drt-go-vm-common/builtInFunctions/creator.go:100.90,102.16 2 3
github.com/TerraDharitri/drt-go-vm-common/builtInFunctions/creator.go:102.16,104.3 1 1
github.com/TerraDharitri/drt-go-vm-common/builtInFunctions/creator.go:106.2,107.45 2 2
github.com/TerraDharitri/drt-go-vm-common/builtInFunctions/creator.go:107.45,109.20 2 42
github.com/TerraDharitri/drt-go-vm-common/builtInFunctions/creator.go:109.20,111.4 1 0
github.com/TerraDharitri/drt-go-vm-common/builtInFunctions/creator.go:113.3,113.43 1 42
github.com/TerraDharitri/drt-go-vm-common/builtInFunctions/creator.go:118.87,120.2 1 1
github.com/TerraDharitri/drt-go-vm-common/builtInFunctions/creator.go:123.93,125.2 1 0
github.com/TerraDharitri/drt-go-vm-common/builtInFunctions/creator.go:128.91,130.2 1 1
github.com/TerraDharitri/drt-go-vm-common/builtInFunctions/creator.go:133.69,139.16 5 1
github.com/TerraDharitri/drt-go-vm-common/builtInFunctions/creator.go:139.16,141.3 1 0
github.com/TerraDharitri/drt-go-vm-common/builtInFunctions/creator.go:143.2,144.16 2 1
github.com/TerraDharitri/drt-go-vm-common/builtInFunctions/creator.go:144.16,146.3 1 0
github.com/TerraDharitri/drt-go-vm-common/builtInFunctions/creator.go:148.2,149.16 2 1
github.com/TerraDharitri/drt-go-vm-common/builtInFunctions/creator.go:149.16,151.3 1 0
github.com/TerraDharitri/drt-go-vm-common/builtInFunctions/creator.go:153.2,154.16 2 1
github.com/TerraDharitri/drt-go-vm-common/builtInFunctions/creator.go:154.16,156.3 1 0
github.com/TerraDharitri/drt-go-vm-common/builtInFunctions/creator.go:157.2,158.16 2 1
github.com/TerraDharitri/drt-go-vm-common/builtInFunctions/creator.go:158.16,160.3 1 0
github.com/TerraDharitri/drt-go-vm-common/builtInFunctions/creator.go:162.2,163.16 2 1
github.com/TerraDharitri/drt-go-vm-common/builtInFunctions/creator.go:163.16,165.3 1 0
github.com/TerraDharitri/drt-go-vm-common/builtInFunctions/creator.go:166.2,167.16 2 1
github.com/TerraDharitri/drt-go-vm-common/builtInFunctions/creator.go:167.16,169.3 1 0
github.com/TerraDharitri/drt-go-vm-common/builtInFunctions/creator.go:171.2,172.16 2 1
github.com/TerraDharitri/drt-go-vm-common/builtInFunctions/creator.go:172.16,174.3 1 0
github.com/TerraDharitri/drt-go-vm-common/builtInFunctions/creator.go:175.2,176.16 2 1
github.com/TerraDharitri/drt-go-vm-common/builtInFunctions/creator.go:176.16,178.3 1 0
github.com/TerraDharitri/drt-go-vm-common/builtInFunctions/creator.go:180.2,187.16 2 1
github.com/TerraDharitri/drt-go-vm-common/builtInFunctions/creator.go:187.16,189.3 1 0
github.com/TerraDharitri/drt-go-vm-common/builtInFunctions/creator.go:190.2,191.16 2 1
github.com/TerraDharitri/drt-go-vm-common/builtInFunctions/creator.go:191.16,193.3 1 0
github.com/TerraDharitri/drt-go-vm-common/builtInFunctions/creator.go:194.2,197.16 3 1
github.com/TerraDharitri/drt-go-vm-common/builtInFunctions/creator.go:197.16,199.3 1 0
github.com/TerraDharitri/drt-go-vm-common/builtInFunctions/creator.go:200.2,201.16 2 1
github.com/TerraDharitri/drt-go-vm-common/builtInFunctions/creator.go:201.16,203.3 1 0
github.com/TerraDharitri/drt-go-vm-common/builtInFunctions/creator.go:205.2,212.16 2 1
github.com/TerraDharitri/drt-go-vm-common/builtInFunctions/creator.go:212.16,214.3 1 0
github.com/TerraDharitri/drt-go-vm-common/builtInFunctions/creator.go:215.2,216.16 2 1
github.com/TerraDharitri/drt-go-vm-common/builtInFunctions/creator.go:216.16,218.3 1 0
github.com/TerraDharitri/drt-go-vm-common/builtInFunctions/creator.go:220.2,221.16 2 1
github.com/TerraDharitri/drt-go-vm-common/builtInFunctions/creator.go:221.16,223.3 1 0
github.com/TerraDharitri/drt-go-vm-common/builtInFunctions/creator.go:224.2,225.16 2 1
github.com/TerraDharitri/drt-go-vm-common/builtInFunctions/creator.go:225.16,227.3 1 0
github.com/TerraDharitri/drt-go-vm-common/builtInFunctions/creator.go:229.2,236.16 2 1
github.com/TerraDharitri/drt-go-vm-common/builtInFunctions/creator.go:236.16,238.3 1 0
github.com/TerraDharitri/drt-go-vm-common/builtInFunctions/creator.go:239.2,240.16 2 1
github.com/TerraDharitri/drt-go-vm-common/builtInFunctions/creator.go:240.16,242.3 1 0
github.com/TerraDharitri/drt-go-vm-common/builtInFunctions/creator.go:244.2,245.16 2 1
github.com/TerraDharitri/drt-go-vm-common/builtInFunctions/creator.go:245.16,247.3 1 0
github.com/TerraDharitri/drt-go-vm-common/builtInFunctions/creator.go:248.2,249.16 2 1
github.com/TerraDharitri/drt-go-vm-common/builtInFunctions/creator.go:249.16,251.3 1 0
github.com/TerraDharitri/drt-go-vm-common/builtInFunctions/creator.go:253.2,254.16 2 1
github.com/TerraDharitri/drt-go-vm-common/builtInFunctions/creator.go:254.16,256.3 1 0
github.com/TerraDharitri/drt-go-vm-common/builtInFunctions/creator.go:257.2,258.16 2 1
github.com/TerraDharitri/drt-go-vm-common/builtInFunctions/creator.go:258.16,260.3 1 0
github.com/TerraDharitri/drt-go-vm-common/builtInFunctions/creator.go:262.2,263.16 2 1
github.com/TerraDharitri/drt-go-vm-common/builtInFunctions/creator.go:263.16,265.3 1 0
github.com/TerraDharitri/drt-go-vm-common/builtInFunctions/creator.go:266.2,267.16 2 1
github.com/TerraDharitri/drt-go-vm-common/builtInFunctions/creator.go:267.16,269.3 1 0
github.com/TerraDharitri/drt-go-vm-common/builtInFunctions/creator.go:271.2,279.16 3 1
github.com/TerraDharitri/drt-go-vm-common/builtInFunctions/creator.go:279.16,281.3 1 0
github.com/TerraDharitri/drt-go-vm-common/builtInFunctions/creator.go:283.2,284.16 2 1
github.com/TerraDharitri/drt-go-vm-common/builtInFunctions/creator.go:284.16,286.3 1 0
github.com/TerraDharitri/drt-go-vm-common/builtInFunctions/creator.go:287.2,288.16 2 1
github.com/TerraDharitri/drt-go-vm-common/builtInFunctions/creator.go:288.16,290.3 1 0
github.com/TerraDharitri/drt-go-vm-common/builtInFunctions/creator.go:292.2,293.16 2 1
github.com/TerraDharitri/drt-go-vm-common/builtInFunctions/creator.go:293.16,295.3 1 0
github.com/TerraDharitri/drt-go-vm-common/builtInFunctions/creator.go:296.2,297.16 2 1
github.com/TerraDharitri/drt-go-vm-common/builtInFunctions/creator.go:297.16,299.3 1 0
github.com/TerraDharitri/drt-go-vm-common/builtInFunctions/creator.go:301.2,302.16 2 1
github.com/TerraDharitri/drt-go-vm-common/builtInFunctions/creator.go:302.16,304.3 1 0
github.com/TerraDharitri/drt-go-vm-common/builtInFunctions/creator.go:305.2,306.16 2 1
github.com/TerraDharitri/drt-go-vm-common/builtInFunctions/creator.go:306.16,308.3 1 0
github.com/TerraDharitri/drt-go-vm-common/builtInFunctions/creator.go:310.2,311.16 2 1
github.com/TerraDharitri/drt-go-vm-common/builtInFunctions/creator.go:311.16,313.3 1 0
github.com/TerraDharitri/drt-go-vm-common/builtInFunctions/creator.go:314.2,315.16 2 1
github.com/TerraDharitri/drt-go-vm-common/builtInFunctions/creator.go:315.16,317.3 1 0
github.com/TerraDharitri/drt-go-vm-common/builtInFunctions/creator.go:319.2,320.16 2 1
github.com/TerraDharitri/drt-go-vm-common/builtInFunctions/creator.go:320.16,322.3 1 0
github.com/TerraDharitri/drt-go-vm-common/builtInFunctions/creator.go:323.2,324.16 2 1
github.com/TerraDharitri/drt-go-vm-common/builtInFunctions/creator.go:324.16,326.3 1 0
github.com/TerraDharitri/drt-go-vm-common/builtInFunctions/creator.go:328.2,329.16 2 1
github.com/TerraDharitri/drt-go-vm-common/builtInFunctions/creator.go:329.16,331.3 1 0
github.com/TerraDharitri/drt-go-vm-common/builtInFunctions/creator.go:332.2,333.16 2 1
github.com/TerraDharitri/drt-go-vm-common/builtInFunctions/creator.go:333.16,335.3 1 0
github.com/TerraDharitri/drt-go-vm-common/builtInFunctions/creator.go:337.2,346.16 2 1
github.com/TerraDharitri/drt-go-vm-common/builtInFunctions/creator.go:346.16,348.3 1 0
github.com/TerraDharitri/drt-go-vm-common/builtInFunctions/creator.go:349.2,350.16 2 1
github.com/TerraDharitri/drt-go-vm-common/builtInFunctions/creator.go:350.16,352.3 1 0
github.com/TerraDharitri/drt-go-vm-common/builtInFunctions/creator.go:354.2,355.16 2 1
github.com/TerraDharitri/drt-go-vm-common/builtInFunctions/creator.go:355.16,357.3 1 0
github.com/TerraDharitri/drt-go-vm-common/builtInFunctions/creator.go:358.2,359.16 2 1
github.com/TerraDharitri/drt-go-vm-common/builtInFunctions/creator.go:359.16,361.3 1 0
github.com/TerraDharitri/drt-go-vm-common/builtInFunctions/creator.go:363.2,364.16 2 1
github.com/TerraDharitri/drt-go-vm-common/builtInFunctions/creator.go:364.16,366.3 1 0
github.com/TerraDharitri/drt-go-vm-common/builtInFunctions/creator.go:367.2,368.16 2 1
github.com/TerraDharitri/drt-go-vm-common/builtInFunctions/creator.go:368.16,370.3 1 0
github.com/TerraDharitri/drt-go-vm-common/builtInFunctions/creator.go:372.2,373.16 2 1
github.com/TerraDharitri/drt-go-vm-common/builtInFunctions/creator.go:373.16,375.3 1 0
github.com/TerraDharitri/drt-go-vm-common/builtInFunctions/creator.go:376.2,377.16 2 1
github.com/TerraDharitri/drt-go-vm-common/builtInFunctions/creator.go:377.16,379.3 1 0
github.com/TerraDharitri/drt-go-vm-common/builtInFunctions/creator.go:381.2,390.16 2 1
github.com/TerraDharitri/drt-go-vm-common/builtInFunctions/creator.go:390.16,392.3 1 0
github.com/TerraDharitri/drt-go-vm-common/builtInFunctions/creator.go:393.2,394.16 2 1
github.com/TerraDharitri/drt-go-vm-common/builtInFunctions/creator.go:394.16,396.3 1 0
github.com/TerraDharitri/drt-go-vm-common/builtInFunctions/creator.go:398.2,403.15 1 1
github.com/TerraDharitri/drt-go-vm-common/builtInFunctions/creator.go:403.15,405.4 1 0
github.com/TerraDharitri/drt-go-vm-common/builtInFunctions/creator.go:407.2,407.16 1 1
github.com/TerraDharitri/drt-go-vm-common/builtInFunctions/creator.go:407.16,409.3 1 0
github.com/TerraDharitri/drt-go-vm-common/builtInFunctions/creator.go:410.2,411.16 2 1
github.com/TerraDharitri/drt-go-vm-common/builtInFunctions/creator.go:411.16,413.3 1 0
github.com/TerraDharitri/drt-go-vm-common/builtInFunctions/creator.go:415.2,420.15 1 1
github.com/TerraDharitri/drt-go-vm-common/builtInFunctions/creator.go:420.15,422.4 1 0
github.com/TerraDharitri/drt-go-vm-common/builtInFunctions/creator.go:424.2,424.16 1 1
github.com/TerraDharitri/drt-go-vm-common/builtInFunctions/creator.go:424.16,426.3 1 0
github.com/TerraDharitri/drt-go-vm-common/builtInFunctions/creator.go:427.2,428.16 2 1
github.com/TerraDharitri/drt-go-vm-common/builtInFunctions/creator.go:428.16,430.3 1 0
github.com/TerraDharitri/drt-go-vm-common/builtInFunctions/creator.go:432.2,441.16 3 1
github.com/TerraDharitri/drt-go-vm-common/builtInFunctions/creator.go:441.16,443.3 1 0
github.com/TerraDharitri/drt-go-vm-common/builtInFunctions/creator.go:444.2,445.16 2 1
github.com/TerraDharitri/drt-go-vm-common/builtInFunctions/creator.go:445.16,447.3 1 0
github.com/TerraDharitri/drt-go-vm-common/builtInFunctions/creator.go:449.2,451.16 3 1
github.com/TerraDharitri/drt-go-vm-common/builtInFunctions/creator.go:451.16,453.3 1 0
github.com/TerraDharitri/drt-go-vm-common/builtInFunctions/creator.go:454.2,455.16 2 1
github.com/TerraDharitri/drt-go-vm-common/builtInFunctions/creator.go:455.16,457.3 1 0
github.com/TerraDharitri/drt-go-vm-common/builtInFunctions/creator.go:459.2,464.15 1 1
github.com/TerraDharitri/drt-go-vm-common/builtInFunctions/creator.go:464.15,466.4 1 0
github.com/TerraDharitri/drt-go-vm-common/builtInFunctions/creator.go:468.2,468.16 1 1
github.com/TerraDharitri/drt-go-vm-common/builtInFunctions/creator.go:468.16,470.3 1 0
github.com/TerraDharitri/drt-go-vm-common/builtInFunctions/creator.go:471.2,472.16 2 1
github.com/TerraDharitri/drt-go-vm-common/builtInFunctions/creator.go:472.16,474.3 1 0
github.com/TerraDharitri/drt-go-vm-common/builtInFunctions/creator.go:476.2,481.15 1 1
github.com/TerraDharitri/drt-go-vm-common/builtInFunctions/creator.go:481.15,483.4 1 0
github.com/TerraDharitri/drt-go-vm-common/builtInFunctions/creator.go:485.2,485.16 1 1
github.com/TerraDharitri/drt-go-vm-common/builtInFunctions/creator.go:485.16,487.3 1 0
github.com/TerraDharitri/drt-go-vm-common/builtInFunctions/creator.go:488.2,489.16 2 1
github.com/TerraDharitri/drt-go-vm-common/builtInFunctions/creator.go:489.16,491.3 1 0
github.com/TerraDharitri/drt-go-vm-common/builtInFunctions/creator.go:493.2,494.16 2 1
github.com/TerraDharitri/drt-go-vm-common/builtInFunctions/creator.go:494.16,496.3 1 0
github.com/TerraDharitri/drt-go-vm-common/builtInFunctions/creator.go:497.2,498.16 2 1
github.com/TerraDharitri/drt-go-vm-common/builtInFunctions/creator.go:498.16,500.3 1 0
github.com/TerraDharitri/drt-go-vm-common/builtInFunctions/creator.go:502.2,503.16 2 1
github.com/TerraDharitri/drt-go-vm-common/builtInFunctions/creator.go:503.16,505.3 1 0
github.com/TerraDharitri/drt-go-vm-common/builtInFunctions/creator.go:506.2,507.16 2 1
github.com/TerraDharitri/drt-go-vm-common/builtInFunctions/creator.go:507.16,509.3 1 0
github.com/TerraDharitri/drt-go-vm-common/builtInFunctions/creator.go:511.2,515.16 3 1
github.com/TerraDharitri/drt-go-vm-common/builtInFunctions/creator.go:515.16,517.3 1 0
github.com/TerraDharitri/drt-go-vm-common/builtInFunctions/creator.go:518.2,519.16 2 1
github.com/TerraDharitri/drt-go-vm-common/builtInFunctions/creator.go:519.16,521.3 1 0
github.com/TerraDharitri/drt-go-vm-common/builtInFunctions/creator.go:523.2,525.16 3 1
github.com/TerraDharitri/drt-go-vm-common/builtInFunctions/creator.go:525.16,527.3 1 0
github.com/TerraDharitri/drt-go-vm-common/builtInFunctions/creator.go:528.2,529.16 2 1
github.com/TerraDharitri/drt-go-vm-common/builtInFunctions/creator.go:529.16,531.3 1 0
github.com/TerraDharitri/drt-go-vm-common/builtInFunctions/creator.go:533.2,534.16 2 1
github.com/TerraDharitri/drt-go-vm-common/builtInFunctions/creator.go:534.16,536.3 1 0
github.com/TerraDharitri/drt-go-vm-common/builtInFunctions/creator.go:537.2,538.16 2 1
github.com/TerraDharitri/drt-go-vm-common/builtInFunctions/creator.go:538.16,540.3 1 0
github.com/TerraDharitri/drt-go-vm-common/builtInFunctions/creator.go:542.2,543.16 2 1
github.com/TerraDharitri/drt-go-vm-common/builtInFunctions/creator.go:543.16,545.3 1 0
github.com/TerraDharitri/drt-go-vm-common/builtInFunctions/creator.go:546.2,547.16 2 1
github.com/TerraDharitri/drt-go-vm-common/builtInFunctions/creator.go:547.16,549.3 1 0
github.com/TerraDharitri/drt-go-vm-common/builtInFunctions/creator.go:551.2,551.31 1 1
github.com/TerraDharitri/drt-go-vm-common/builtInFunctions/creator.go:551.31,553.3 1 0
github.com/TerraDharitri/drt-go-vm-common/builtInFunctions/creator.go:554.2,555.16 2 1
github.com/TerraDharitri/drt-go-vm-common/builtInFunctions/creator.go:555.16,557.3 1 0
github.com/TerraDharitri/drt-go-vm-common/builtInFunctions/creator.go:558.2,559.16 2 1
github.com/TerraDharitri/drt-go-vm-common/builtInFunctions/creator.go:559.16,561.3 1 0
github.com/TerraDharitri/drt-go-vm-common/builtInFunctions/creator.go:563.2,564.16 2 1
github.com/TerraDharitri/drt-go-vm-common/builtInFunctions/creator.go:564.16,566.3 1 0
github.com/TerraDharitri/drt-go-vm-common/builtInFunctions/creator.go:567.2,568.16 2 1
github.com/TerraDharitri/drt-go-vm-common/builtInFunctions/creator.go:568.16,570.3 1 0
github.com/TerraDharitri/drt-go-vm-common/builtInFunctions/creator.go:572.2,573.16 2 1
github.com/TerraDharitri/drt-go-vm-common/builtInFunctions/creator.go:573.16,575.3 1 0
github.com/TerraDharitri/drt-go-vm-common/builtInFunctions/creator.go:576.2,577.16 2 1
github.com/TerraDharitri/drt-go-vm-common/builtInFunctions/creator.go:577.16,579.3 1 0
github.com/TerraDharitri/drt-go-vm-common/builtInFunctions/creator.go:581.2,582.16 2 1
github.com/TerraDharitri/drt-go-vm-common/builtInFunctions/creator.go:582.16,584.3 1 0
github.com/TerraDharitri/drt-go-vm-common/builtInFunctions/creator.go:585.2,586.16 2 1
github.com/TerraDharitri/drt-go-vm-common/builtInFunctions/creator.go:586.16,588.3 1 0
github.com/TerraDharitri/drt-go-vm-common/builtInFunctions/creator.go:590.2,591.16 2 1
github.com/TerraDharitri/drt-go-vm-common/builtInFunctions/creator.go:591.16,593.3 1 0
github.com/TerraDharitri/drt-go-vm-common/builtInFunctions/creator.go:594.2,595.16 2 1
github.com/TerraDharitri/drt-go-vm-common/builtInFunctions/creator.go:595.16,597.3 1 0
github.com/TerraDharitri/drt-go-vm-common/builtInFunctions/creator.go:599.2,600.16 2 1
github.com/TerraDharitri/drt-go-vm-common/builtInFunctions/creator.go:600.16,602.3 1 0
github.com/TerraDharitri/drt-go-vm-common/builtInFunctions/creator.go:603.2,604.16 2 1
github.com/TerraDharitri/drt-go-vm-common/builtInFunctions/creator.go:604.16,606.3 1 0
github.com/TerraDharitri/drt-go-vm-common/builtInFunctions/creator.go:608.2,608.12 1 1
github.com/TerraDharitri/drt-go-vm-common/builtInFunctions/creator.go:611.102,618.2 1 2
github.com/TerraDharitri/drt-go-vm-common/builtInFunctions/creator.go:620.72,624.2 1 1
github.com/TerraDharitri/drt-go-vm-common/builtInFunctions/creator.go:626.86,629.16 3 8
github.com/TerraDharitri/drt-go-vm-common/builtInFunctions/creator.go:629.16,631.3 1 0
github.com/TerraDharitri/drt-go-vm-common/builtInFunctions/creator.go:633.2,634.16 2 8
github.com/TerraDharitri/drt-go-vm-common/builtInFunctions/creator.go:634.16,636.3 1 0
github.com/TerraDharitri/drt-go-vm-common/builtInFunctions/creator.go:638.2,640.16 3 8
github.com/TerraDharitri/drt-go-vm-common/builtInFunctions/creator.go:640.16,642.3 1 0
github.com/TerraDharitri/drt-go-vm-common/builtInFunctions/creator.go:644.2,645.16 2 8
github.com/TerraDharitri/drt-go-vm-common/builtInFunctions/creator.go:645.16,647.3 1 2
github.com/TerraDharitri/drt-go-vm-common/builtInFunctions/creator.go:649.2,654.22 2 6
github.com/TerraDharitri/drt-go-vm-common/builtInFunctions/creator.go:658.98,659.33 1 2
github.com/TerraDharitri/drt-go-vm-common/builtInFunctions/creator.go:659.33,661.3 1 1
github.com/TerraDharitri/drt-go-vm-common/builtInFunctions/creator.go:663.2,664.37 2 1
github.com/TerraDharitri/drt-go-vm-common/builtInFunctions/creator.go:664.37,666.17 2 42
github.com/TerraDharitri/drt-go-vm-common/builtInFunctions/creator.go:666.17,668.4 1 0
github.com/TerraDharitri/drt-go-vm-common/builtInFunctions/creator.go:670.3,671.10 2 42
github.com/TerraDharitri/drt-go-vm-common/builtInFunctions/creator.go:671.10,672.12 1 35
github.com/TerraDharitri/drt-go-vm-common/builtInFunctions/creator.go:675.3,676.17 2 7
github.com/TerraDharitri/drt-go-vm-common/builtInFunctions/creator.go:676.17,678.4 1 0
github.com/TerraDharitri/drt-go-vm-common/builtInFunctions/creator.go:681.2,681.12 1 1
github.com/TerraDharitri/drt-go-vm-common/builtInFunctions/creator.go:685.94,690.16 2 2
github.com/TerraDharitri/drt-go-vm-common/builtInFunctions/creator.go:690.16,692.3 1 1
github.com/TerraDharitri/drt-go-vm-common/builtInFunctions/creator.go:694.2,700.50 2 1
github.com/TerraDharitri/drt-go-vm-common/builtInFunctions/creator.go:700.50,702.17 2 3
github.com/TerraDharitri/drt-go-vm-common/builtInFunctions/creator.go:702.17,704.4 1 0
github.com/TerraDharitri/drt-go-vm-common/builtInFunctions/creator.go:706.3,707.10 2 3
github.com/TerraDharitri/drt-go-vm-common/builtInFunctions/creator.go:707.10,709.4 1 0
github.com/TerraDharitri/drt-go-vm-common/builtInFunctions/creator.go:711.3,712.17 2 3
github.com/TerraDharitri/drt-go-vm-common/builtInFunctions/creator.go:712.17,714.4 1 0
github.com/TerraDharitri/drt-go-vm-common/builtInFunctions/creator.go:717.2,717.12 1 1
github.com/TerraDharitri/drt-go-vm-common/builtInFunctions/creator.go:721.52,723.2 1 2
github.com/TerraDharitri/drt-go-vm-common/builtInFunctions/dcdtBurn.go:28.22,29.29 1 6
github.com/TerraDharitri/drt-go-vm-common/builtInFunctions/dcdtBurn.go:29.29,31.3 1 1
github.com/TerraDharitri/drt-go-vm-common/builtInFunctions/dcdtBurn.go:32.2,32.40 1 5
github.com/TerraDharitri/drt-go-vm-common/builtInFunctions/dcdtBurn.go:32.40,34.3 1 0
github.com/TerraDharitri/drt-go-vm-common/builtInFunctions/dcdtBurn.go:35.2,35.38 1 5
github.com/TerraDharitri/drt-go-vm-common/builtInFunctions/dcdtBurn.go:35.38,37.3 1 1
github.com/TerraDharitri/drt-go-vm-common/builtInFunctions/dcdtBurn.go:39.2,46.50 2 4
github.com/TerraDharitri/drt-go-vm-common/builtInFunctions/dcdtBurn.go:46.50,48.3 1 0
github.com/TerraDharitri/drt-go-vm-common/builtInFunctions/dcdtBurn.go:50.2,50.15 1 4
github.com/TerraDharitri/drt-go-vm-common/builtInFunctions/dcdtBurn.go:54.63,55.20 1 1
github.com/TerraDharitri/drt-go-vm-common/builtInFunctions/dcdtBurn.go:55.20,57.3 1 0
github.com/TerraDharitri/drt-go-vm-common/builtInFunctions/dcdtBurn.go:59.2,61.25 3 1
github.com/TerraDharitri/drt-go-vm-common/builtInFunctions/dcdtBurn.go:68.31,73.16 4 11
github.com/TerraDharitri/drt-go-vm-common/builtInFunctions/dcdtBurn.go:73.16,75.3 1 2
github.com/TerraDharitri/drt-go-vm-common/builtInFunctions/dcdtBurn.go:76.2,76.33 1 9
github.com/TerraDharitri/drt-go-vm-common/builtInFunctions/dcdtBurn.go:76.33,78.3 1 0
github.com/TerraDharitri/drt-go-vm-common/builtInFunctions/dcdtBurn.go:79.2,80.26 2 9
github.com/TerraDharitri/drt-go-vm-common/builtInFunctions/dcdtBurn.go:80.26,82.3 1 0
github.com/TerraDharitri/drt-go-vm-common/builtInFunctions/dcdtBurn.go:83.2,83.61 1 9
github.com/TerraDharitri/drt-go-vm-common/builtInFunctions/dcdtBurn.go:83.61,85.3 1 1
github.com/TerraDharitri/drt-go-vm-common/builtInFunctions/dcdtBurn.go:86.2,86.26 1 8
github.com/TerraDharitri/drt-go-vm-common/builtInFunctions/dcdtBurn.go:86.26,88.3 1 1
github.com/TerraDharitri/drt-go-vm-common/builtInFunctions/dcdtBurn.go:90.2,92.41 2 7
github.com/TerraDharitri/drt-go-vm-common/builtInFunctions/dcdtBurn.go:92.41,94.3 1 1
github.com/TerraDharitri/drt-go-vm-common/builtInFunctions/dcdtBurn.go:96.2,97.16 2 6
github.com/TerraDharitri/drt-go-vm-common/builtInFunctions/dcdtBurn.go:97.16,99.3 1 4
github.com/TerraDharitri/drt-go-vm-common/builtInFunctions/dcdtBurn.go:101.2,103.57 3 2
github.com/TerraDharitri/drt-go-vm-common/builtInFunctions/dcdtBurn.go:103.57,113.3 1 0
github.com/TerraDharitri/drt-go-vm-common/builtInFunctions/dcdtBurn.go:115.2,117.22 2 2
github.com/TerraDharitri/drt-go-vm-common/builtInFunctions/dcdtBurn.go:121.42,123.2 1 4
github.com/TerraDharitri/drt-go-vm-common/builtInFunctions/dcdtDataStorage.go:23.41,25.2 1 192
github.com/TerraDharitri/drt-go-vm-common/builtInFunctions/dcdtDataStorage.go:47.80,48.32 1 182
github.com/TerraDharitri/drt-go-vm-common/builtInFunctions/dcdtDataStorage.go:48.32,50.3 1 1
github.com/TerraDharitri/drt-go-vm-common/builtInFunctions/dcdtDataStorage.go:51.2,51.45 1 181
github.com/TerraDharitri/drt-go-vm-common/builtInFunctions/dcdtDataStorage.go:51.45,53.3 1 1
github.com/TerraDharitri/drt-go-vm-common/builtInFunctions/dcdtDataStorage.go:54.2,54.35 1 180
github.com/TerraDharitri/drt-go-vm-common/builtInFunctions/dcdtDataStorage.go:54.35,56.3 1 1
github.com/TerraDharitri/drt-go-vm-common/builtInFunctions/dcdtDataStorage.go:57.2,57.43 1 179
github.com/TerraDharitri/drt-go-vm-common/builtInFunctions/dcdtDataStorage.go:57.43,59.3 1 1
github.com/TerraDharitri/drt-go-vm-common/builtInFunctions/dcdtDataStorage.go:60.2,60.40 1 178
github.com/TerraDharitri/drt-go-vm-common/builtInFunctions/dcdtDataStorage.go:60.40,62.3 1 1
github.com/TerraDharitri/drt-go-vm-common/builtInFunctions/dcdtDataStorage.go:64.2,74.15 2 177
github.com/TerraDharitri/drt-go-vm-common/builtInFunctions/dcdtDataStorage.go:82.33,84.16 2 64
github.com/TerraDharitri/drt-go-vm-common/builtInFunctions/dcdtDataStorage.go:84.16,86.3 1 1
github.com/TerraDharitri/drt-go-vm-common/builtInFunctions/dcdtDataStorage.go:87.2,87.11 1 63
github.com/TerraDharitri/drt-go-vm-common/builtInFunctions/dcdtDataStorage.go:87.11,89.3 1 5
github.com/TerraDharitri/drt-go-vm-common/builtInFunctions/dcdtDataStorage.go:91.2,91.22 1 58
github.com/TerraDharitri/drt-go-vm-common/builtInFunctions/dcdtDataStorage.go:99.39,101.2 1 110
github.com/TerraDharitri/drt-go-vm-common/builtInFunctions/dcdtDataStorage.go:109.39,110.38 1 1
github.com/TerraDharitri/drt-go-vm-common/builtInFunctions/dcdtDataStorage.go:110.38,112.3 1 0
github.com/TerraDharitri/drt-go-vm-common/builtInFunctions/dcdtDataStorage.go:114.2,119.104 2 1
github.com/TerraDharitri/drt-go-vm-common/builtInFunctions/dcdtDataStorage.go:123.121,127.16 3 15
github.com/TerraDharitri/drt-go-vm-common/builtInFunctions/dcdtDataStorage.go:127.16,129.3 1 0
github.com/TerraDharitri/drt-go-vm-common/builtInFunctions/dcdtDataStorage.go:131.2,131.22 1 15
github.com/TerraDharitri/drt-go-vm-common/builtInFunctions/dcdtDataStorage.go:139.39,146.36 4 111
github.com/TerraDharitri/drt-go-vm-common/builtInFunctions/dcdtDataStorage.go:146.36,148.3 1 1
github.com/TerraDharitri/drt-go-vm-common/builtInFunctions/dcdtDataStorage.go:149.2,149.43 1 110
github.com/TerraDharitri/drt-go-vm-common/builtInFunctions/dcdtDataStorage.go:149.43,151.3 1 14
github.com/TerraDharitri/drt-go-vm-common/builtInFunctions/dcdtDataStorage.go:153.2,154.16 2 96
github.com/TerraDharitri/drt-go-vm-common/builtInFunctions/dcdtDataStorage.go:154.16,156.3 1 2
github.com/TerraDharitri/drt-go-vm-common/builtInFunctions/dcdtDataStorage.go:158.2,158.121 1 94
github.com/TerraDharitri/drt-go-vm-common/builtInFunctions/dcdtDataStorage.go:158.121,160.3 1 67
github.com/TerraDharitri/drt-go-vm-common/builtInFunctions/dcdtDataStorage.go:162.2,163.16 2 27
github.com/TerraDharitri/drt-go-vm-common/builtInFunctions/dcdtDataStorage.go:163.16,165.3 1 1
github.com/TerraDharitri/drt-go-vm-common/builtInFunctions/dcdtDataStorage.go:166.2,166.72 1 26
github.com/TerraDharitri/drt-go-vm-common/builtInFunctions/dcdtDataStorage.go:166.72,168.40 2 23
github.com/TerraDharitri/drt-go-vm-common/builtInFunctions/dcdtDataStorage.go:168.40,170.4 1 2
github.com/TerraDharitri/drt-go-vm-common/builtInFunctions/dcdtDataStorage.go:173.2,173.29 1 26
github.com/TerraDharitri/drt-go-vm-common/builtInFunctions/dcdtDataStorage.go:179.62,181.16 2 68
github.com/TerraDharitri/drt-go-vm-common/builtInFunctions/dcdtDataStorage.go:181.16,183.3 1 0
github.com/TerraDharitri/drt-go-vm-common/builtInFunctions/dcdtDataStorage.go:185.2,186.36 2 68
github.com/TerraDharitri/drt-go-vm-common/builtInFunctions/dcdtDataStorage.go:186.36,188.3 1 1
github.com/TerraDharitri/drt-go-vm-common/builtInFunctions/dcdtDataStorage.go:189.2,189.43 1 67
github.com/TerraDharitri/drt-go-vm-common/builtInFunctions/dcdtDataStorage.go:189.43,191.3 1 15
github.com/TerraDharitri/drt-go-vm-common/builtInFunctions/dcdtDataStorage.go:193.2,195.16 3 52
github.com/TerraDharitri/drt-go-vm-common/builtInFunctions/dcdtDataStorage.go:195.16,197.3 1 1
github.com/TerraDharitri/drt-go-vm-common/builtInFunctions/dcdtDataStorage.go:199.2,199.33 1 51
github.com/TerraDharitri/drt-go-vm-common/builtInFunctions/dcdtDataStorage.go:205.27,207.16 2 4
github.com/TerraDharitri/drt-go-vm-common/builtInFunctions/dcdtDataStorage.go:207.16,209.3 1 0
github.com/TerraDharitri/drt-go-vm-common/builtInFunctions/dcdtDataStorage.go:210.2,210.21 1 4
github.com/TerraDharitri/drt-go-vm-common/builtInFunctions/dcdtDataStorage.go:210.21,212.3 1 0
github.com/TerraDharitri/drt-go-vm-common/builtInFunctions/dcdtDataStorage.go:214.2,214.36 1 4
github.com/TerraDharitri/drt-go-vm-common/builtInFunctions/dcdtDataStorage.go:223.9,224.69 1 90
github.com/TerraDharitri/drt-go-vm-common/builtInFunctions/dcdtDataStorage.go:224.69,226.3 1 58
github.com/TerraDharitri/drt-go-vm-common/builtInFunctions/dcdtDataStorage.go:227.2,227.37 1 32
github.com/TerraDharitri/drt-go-vm-common/builtInFunctions/dcdtDataStorage.go:227.37,229.3 1 8
github.com/TerraDharitri/drt-go-vm-common/builtInFunctions/dcdtDataStorage.go:231.2,236.36 3 24
github.com/TerraDharitri/drt-go-vm-common/builtInFunctions/dcdtDataStorage.go:236.36,238.3 1 1
github.com/TerraDharitri/drt-go-vm-common/builtInFunctions/dcdtDataStorage.go:239.2,239.43 1 23
github.com/TerraDharitri/drt-go-vm-common/builtInFunctions/dcdtDataStorage.go:239.43,241.3 1 21
github.com/TerraDharitri/drt-go-vm-common/builtInFunctions/dcdtDataStorage.go:243.2,244.16 2 2
github.com/TerraDharitri/drt-go-vm-common/builtInFunctions/dcdtDataStorage.go:244.16,246.3 1 0
github.com/TerraDharitri/drt-go-vm-common/builtInFunctions/dcdtDataStorage.go:248.2,249.29 2 2
github.com/TerraDharitri/drt-go-vm-common/builtInFunctions/dcdtDataStorage.go:249.29,251.3 1 2
github.com/TerraDharitri/drt-go-vm-common/builtInFunctions/dcdtDataStorage.go:253.2,253.12 1 0
github.com/TerraDharitri/drt-go-vm-common/builtInFunctions/dcdtDataStorage.go:262.9,264.16 2 87
github.com/TerraDharitri/drt-go-vm-common/builtInFunctions/dcdtDataStorage.go:264.16,266.3 1 4
github.com/TerraDharitri/drt-go-vm-common/builtInFunctions/dcdtDataStorage.go:268.2,270.16 3 83
github.com/TerraDharitri/drt-go-vm-common/builtInFunctions/dcdtDataStorage.go:270.16,272.3 1 0
github.com/TerraDharitri/drt-go-vm-common/builtInFunctions/dcdtDataStorage.go:274.2,274.90 1 83
github.com/TerraDharitri/drt-go-vm-common/builtInFunctions/dcdtDataStorage.go:284.9,287.117 3 36
github.com/TerraDharitri/drt-go-vm-common/builtInFunctions/dcdtDataStorage.go:287.117,289.3 1 23
github.com/TerraDharitri/drt-go-vm-common/builtInFunctions/dcdtDataStorage.go:291.2,293.16 3 13
github.com/TerraDharitri/drt-go-vm-common/builtInFunctions/dcdtDataStorage.go:293.16,295.3 1 0
github.com/TerraDharitri/drt-go-vm-common/builtInFunctions/dcdtDataStorage.go:297.2,297.21 1 13
github.com/TerraDharitri/drt-go-vm-common/builtInFunctions/dcdtDataStorage.go:297.21,299.3 1 1
github.com/TerraDharitri/drt-go-vm-common/builtInFunctions/dcdtDataStorage.go:302.2,302.33 1 12
github.com/TerraDharitri/drt-go-vm-common/builtInFunctions/dcdtDataStorage.go:302.33,304.3 1 1
github.com/TerraDharitri/drt-go-vm-common/builtInFunctions/dcdtDataStorage.go:306.2,306.67 1 11
github.com/TerraDharitri/drt-go-vm-common/builtInFunctions/dcdtDataStorage.go:306.67,308.67 1 0
github.com/TerraDharitri/drt-go-vm-common/builtInFunctions/dcdtDataStorage.go:308.67,309.46 1 0
github.com/TerraDharitri/drt-go-vm-common/builtInFunctions/dcdtDataStorage.go:309.46,311.5 1 0
github.com/TerraDharitri/drt-go-vm-common/builtInFunctions/dcdtDataStorage.go:312.4,312.69 1 0
github.com/TerraDharitri/drt-go-vm-common/builtInFunctions/dcdtDataStorage.go:316.2,317.34 2 11
github.com/TerraDharitri/drt-go-vm-common/builtInFunctions/dcdtDataStorage.go:317.34,319.3 1 1
github.com/TerraDharitri/drt-go-vm-common/builtInFunctions/dcdtDataStorage.go:321.2,321.67 1 10
github.com/TerraDharitri/drt-go-vm-common/builtInFunctions/dcdtDataStorage.go:321.67,323.17 2 1
github.com/TerraDharitri/drt-go-vm-common/builtInFunctions/dcdtDataStorage.go:323.17,325.4 1 0
github.com/TerraDharitri/drt-go-vm-common/builtInFunctions/dcdtDataStorage.go:327.3,327.43 1 1
github.com/TerraDharitri/drt-go-vm-common/builtInFunctions/dcdtDataStorage.go:330.2,330.67 1 9
github.com/TerraDharitri/drt-go-vm-common/builtInFunctions/dcdtDataStorage.go:333.87,334.67 1 88
github.com/TerraDharitri/drt-go-vm-common/builtInFunctions/dcdtDataStorage.go:334.67,336.3 1 55
github.com/TerraDharitri/drt-go-vm-common/builtInFunctions/dcdtDataStorage.go:338.2,338.45 1 33
github.com/TerraDharitri/drt-go-vm-common/builtInFunctions/dcdtDataStorage.go:341.54,345.2 1 118
github.com/TerraDharitri/drt-go-vm-common/builtInFunctions/dcdtDataStorage.go:348.123,350.16 2 1
github.com/TerraDharitri/drt-go-vm-common/builtInFunctions/dcdtDataStorage.go:350.16,352.3 1 0
github.com/TerraDharitri/drt-go-vm-common/builtInFunctions/dcdtDataStorage.go:354.2,355.67 2 1
github.com/TerraDharitri/drt-go-vm-common/builtInFunctions/dcdtDataStorage.go:366.19,368.16 2 87
github.com/TerraDharitri/drt-go-vm-common/builtInFunctions/dcdtDataStorage.go:368.16,370.3 1 5
github.com/TerraDharitri/drt-go-vm-common/builtInFunctions/dcdtDataStorage.go:372.2,373.16 2 82
github.com/TerraDharitri/drt-go-vm-common/builtInFunctions/dcdtDataStorage.go:373.16,375.3 1 0
github.com/TerraDharitri/drt-go-vm-common/builtInFunctions/dcdtDataStorage.go:376.2,376.22 1 82
github.com/TerraDharitri/drt-go-vm-common/builtInFunctions/dcdtDataStorage.go:376.22,378.49 2 7
github.com/TerraDharitri/drt-go-vm-common/builtInFunctions/dcdtDataStorage.go:378.49,380.18 2 2
github.com/TerraDharitri/drt-go-vm-common/builtInFunctions/dcdtDataStorage.go:380.18,382.5 1 0
github.com/TerraDharitri/drt-go-vm-common/builtInFunctions/dcdtDataStorage.go:386.2,388.56 3 82
github.com/TerraDharitri/drt-go-vm-common/builtInFunctions/dcdtDataStorage.go:388.56,390.17 2 21
github.com/TerraDharitri/drt-go-vm-common/builtInFunctions/dcdtDataStorage.go:390.17,392.4 1 0
github.com/TerraDharitri/drt-go-vm-common/builtInFunctions/dcdtDataStorage.go:395.2,395.78 1 82
github.com/TerraDharitri/drt-go-vm-common/builtInFunctions/dcdtDataStorage.go:395.78,397.3 1 9
github.com/TerraDharitri/drt-go-vm-common/builtInFunctions/dcdtDataStorage.go:399.2,399.107 1 73
github.com/TerraDharitri/drt-go-vm-common/builtInFunctions/dcdtDataStorage.go:399.107,401.24 2 60
github.com/TerraDharitri/drt-go-vm-common/builtInFunctions/dcdtDataStorage.go:401.24,403.4 1 0
github.com/TerraDharitri/drt-go-vm-common/builtInFunctions/dcdtDataStorage.go:405.3,405.95 1 60
github.com/TerraDharitri/drt-go-vm-common/builtInFunctions/dcdtDataStorage.go:408.2,414.16 3 13
github.com/TerraDharitri/drt-go-vm-common/builtInFunctions/dcdtDataStorage.go:414.16,416.3 1 0
github.com/TerraDharitri/drt-go-vm-common/builtInFunctions/dcdtDataStorage.go:418.2,418.94 1 13
github.com/TerraDharitri/drt-go-vm-common/builtInFunctions/dcdtDataStorage.go:421.123,422.59 1 82
github.com/TerraDharitri/drt-go-vm-common/builtInFunctions/dcdtDataStorage.go:422.59,424.3 1 68
github.com/TerraDharitri/drt-go-vm-common/builtInFunctions/dcdtDataStorage.go:426.2,430.42 1 14
github.com/TerraDharitri/drt-go-vm-common/builtInFunctions/dcdtDataStorage.go:430.42,433.3 1 0
github.com/TerraDharitri/drt-go-vm-common/builtInFunctions/dcdtDataStorage.go:435.2,436.16 2 14
github.com/TerraDharitri/drt-go-vm-common/builtInFunctions/dcdtDataStorage.go:436.16,438.3 1 0
github.com/TerraDharitri/drt-go-vm-common/builtInFunctions/dcdtDataStorage.go:440.2,440.35 1 14
github.com/TerraDharitri/drt-go-vm-common/builtInFunctions/dcdtDataStorage.go:440.35,442.3 1 7
github.com/TerraDharitri/drt-go-vm-common/builtInFunctions/dcdtDataStorage.go:444.2,444.32 1 7
github.com/TerraDharitri/drt-go-vm-common/builtInFunctions/dcdtDataStorage.go:447.100,449.16 2 2
github.com/TerraDharitri/drt-go-vm-common/builtInFunctions/dcdtDataStorage.go:449.16,451.3 1 0
github.com/TerraDharitri/drt-go-vm-common/builtInFunctions/dcdtDataStorage.go:452.2,454.16 3 2
github.com/TerraDharitri/drt-go-vm-common/builtInFunctions/dcdtDataStorage.go:454.16,456.3 1 0
github.com/TerraDharitri/drt-go-vm-common/builtInFunctions/dcdtDataStorage.go:457.2,457.42 1 2
github.com/TerraDharitri/drt-go-vm-common/builtInFunctions/dcdtDataStorage.go:467.9,468.16 1 27
github.com/TerraDharitri/drt-go-vm-common/builtInFunctions/dcdtDataStorage.go:468.16,470.3 1 1
github.com/TerraDharitri/drt-go-vm-common/builtInFunctions/dcdtDataStorage.go:471.2,471.35 1 26
github.com/TerraDharitri/drt-go-vm-common/builtInFunctions/dcdtDataStorage.go:471.35,473.3 1 1
github.com/TerraDharitri/drt-go-vm-common/builtInFunctions/dcdtDataStorage.go:475.2,476.16 2 25
github.com/TerraDharitri/drt-go-vm-common/builtInFunctions/dcdtDataStorage.go:476.16,478.3 1 0
github.com/TerraDharitri/drt-go-vm-common/builtInFunctions/dcdtDataStorage.go:480.2,481.36 2 25
github.com/TerraDharitri/drt-go-vm-common/builtInFunctions/dcdtDataStorage.go:481.36,483.3 1 1
github.com/TerraDharitri/drt-go-vm-common/builtInFunctions/dcdtDataStorage.go:484.2,485.16 2 24
github.com/TerraDharitri/drt-go-vm-common/builtInFunctions/dcdtDataStorage.go:485.16,487.3 1 0
github.com/TerraDharitri/drt-go-vm-common/builtInFunctions/dcdtDataStorage.go:489.2,489.87 1 24
github.com/TerraDharitri/drt-go-vm-common/builtInFunctions/dcdtDataStorage.go:489.87,491.3 1 15
github.com/TerraDharitri/drt-go-vm-common/builtInFunctions/dcdtDataStorage.go:493.2,500.58 3 9
github.com/TerraDharitri/drt-go-vm-common/builtInFunctions/dcdtDataStorage.go:500.58,505.17 4 8
github.com/TerraDharitri/drt-go-vm-common/builtInFunctions/dcdtDataStorage.go:505.17,507.4 1 1
github.com/TerraDharitri/drt-go-vm-common/builtInFunctions/dcdtDataStorage.go:509.2,509.70 1 8
github.com/TerraDharitri/drt-go-vm-common/builtInFunctions/dcdtDataStorage.go:509.70,511.3 1 0
github.com/TerraDharitri/drt-go-vm-common/builtInFunctions/dcdtDataStorage.go:513.2,513.30 1 8
github.com/TerraDharitri/drt-go-vm-common/builtInFunctions/dcdtDataStorage.go:513.30,515.38 2 1
github.com/TerraDharitri/drt-go-vm-common/builtInFunctions/dcdtDataStorage.go:515.38,517.4 1 1
github.com/TerraDharitri/drt-go-vm-common/builtInFunctions/dcdtDataStorage.go:518.3,518.45 1 1
github.com/TerraDharitri/drt-go-vm-common/builtInFunctions/dcdtDataStorage.go:518.45,520.4 1 1
github.com/TerraDharitri/drt-go-vm-common/builtInFunctions/dcdtDataStorage.go:523.2,523.78 1 8
github.com/TerraDharitri/drt-go-vm-common/builtInFunctions/dcdtDataStorage.go:531.17,532.71 1 24
github.com/TerraDharitri/drt-go-vm-common/builtInFunctions/dcdtDataStorage.go:532.71,534.3 1 22
github.com/TerraDharitri/drt-go-vm-common/builtInFunctions/dcdtDataStorage.go:535.2,535.58 1 2
github.com/TerraDharitri/drt-go-vm-common/builtInFunctions/dcdtDataStorage.go:535.58,538.3 1 1
github.com/TerraDharitri/drt-go-vm-common/builtInFunctions/dcdtDataStorage.go:539.2,539.31 1 1
github.com/TerraDharitri/drt-go-vm-common/builtInFunctions/dcdtDataStorage.go:539.31,542.3 1 0
github.com/TerraDharitri/drt-go-vm-common/builtInFunctions/dcdtDataStorage.go:544.2,546.16 3 1
github.com/TerraDharitri/drt-go-vm-common/builtInFunctions/dcdtDataStorage.go:546.16,548.3 1 0
github.com/TerraDharitri/drt-go-vm-common/builtInFunctions/dcdtDataStorage.go:550.2,550.43 1 1
github.com/TerraDharitri/drt-go-vm-common/builtInFunctions/dcdtDataStorage.go:550.43,552.3 1 0
github.com/TerraDharitri/drt-go-vm-common/builtInFunctions/dcdtDataStorage.go:553.2,553.43 1 1
github.com/TerraDharitri/drt-go-vm-common/builtInFunctions/dcdtDataStorage.go:553.43,555.3 1 1
github.com/TerraDharitri/drt-go-vm-common/builtInFunctions/dcdtDataStorage.go:557.2,558.85 2 0
github.com/TerraDharitri/drt-go-vm-common/builtInFunctions/dcdtDataStorage.go:561.46,562.90 1 13
github.com/TerraDharitri/drt-go-vm-common/builtInFunctions/dcdtDataStorage.go:562.90,564.3 1 10
github.com/TerraDharitri/drt-go-vm-common/builtInFunctions/dcdtDataStorage.go:566.2,566.13 1 3
github.com/TerraDharitri/drt-go-vm-common/builtInFunctions/dcdtDataStorage.go:573.9,574.68 1 8
github.com/TerraDharitri/drt-go-vm-common/builtInFunctions/dcdtDataStorage.go:574.68,576.3 1 7
github.com/TerraDharitri/drt-go-vm-common/builtInFunctions/dcdtDataStorage.go:578.2,578.26 1 1
github.com/TerraDharitri/drt-go-vm-common/builtInFunctions/dcdtDataStorage.go:578.26,580.3 1 0
github.com/TerraDharitri/drt-go-vm-common/builtInFunctions/dcdtDataStorage.go:581.2,582.47 2 1
github.com/TerraDharitri/drt-go-vm-common/builtInFunctions/dcdtDataStorage.go:582.47,584.3 1 1
[...]
github.com/TerraDharitri/drt-go-vm-common/builtInFunctions/saveUserName.go:60.2,62.25 3 2
github.com/TerraDharitri/drt-go-vm-common/builtInFunctions/saveUserName.go:71.9,72.20 1 17
github.com/TerraDharitri/drt-go-vm-common/builtInFunctions/saveUserName.go:72.20,74.3 1 2
github.com/TerraDharitri/drt-go-vm-common/builtInFunctions/saveUserName.go:75.2,75.38 1 15
github.com/TerraDharitri/drt-go-vm-common/builtInFunctions/saveUserName.go:75.38,77.3 1 1
github.com/TerraDharitri/drt-go-vm-common/builtInFunctions/saveUserName.go:78.2,78.60 1 14
github.com/TerraDharitri/drt-go-vm-common/builtInFunctions/saveUserName.go:78.60,80.3 1 2
github.com/TerraDharitri/drt-go-vm-common/builtInFunctions/saveUserName.go:81.2,82.9 2 12
github.com/TerraDharitri/drt-go-vm-common/builtInFunctions/saveUserName.go:82.9,84.3 1 2
github.com/TerraDharitri/drt-go-vm-common/builtInFunctions/saveUserName.go:85.2,85.39 1 10
github.com/TerraDharitri/drt-go-vm-common/builtInFunctions/saveUserName.go:85.39,87.3 1 2
github.com/TerraDharitri/drt-go-vm-common/builtInFunctions/saveUserName.go:88.2,88.12 1 8
github.com/TerraDharitri/drt-go-vm-common/builtInFunctions/saveUserName.go:95.31,99.40 4 2
github.com/TerraDharitri/drt-go-vm-common/builtInFunctions/saveUserName.go:99.40,101.3 1 1
github.com/TerraDharitri/drt-go-vm-common/builtInFunctions/saveUserName.go:102.2,116.22 3 2
github.com/TerraDharitri/drt-go-vm-common/builtInFunctions/saveUserName.go:123.31,128.62 4 9
github.com/TerraDharitri/drt-go-vm-common/builtInFunctions/saveUserName.go:128.62,130.3 1 6
github.com/TerraDharitri/drt-go-vm-common/builtInFunctions/saveUserName.go:132.2,133.16 2 9
github.com/TerraDharitri/drt-go-vm-common/builtInFunctions/saveUserName.go:133.16,135.3 1 4
github.com/TerraDharitri/drt-go-vm-common/builtInFunctions/saveUserName.go:137.2,137.26 1 5
github.com/TerraDharitri/drt-go-vm-common/builtInFunctions/saveUserName.go:137.26,139.62 2 1
github.com/TerraDharitri/drt-go-vm-common/builtInFunctions/saveUserName.go:139.62,141.4 1 0
github.com/TerraDharitri/drt-go-vm-common/builtInFunctions/saveUserName.go:143.3,143.90 1 1
github.com/TerraDharitri/drt-go-vm-common/builtInFunctions/saveUserName.go:146.2,147.90 2 4
github.com/TerraDharitri/drt-go-vm-common/builtInFunctions/saveUserName.go:147.90,149.3 1 1
github.com/TerraDharitri/drt-go-vm-common/builtInFunctions/saveUserName.go:151.2,154.85 3 3
github.com/TerraDharitri/drt-go-vm-common/builtInFunctions/saveUserName.go:154.85,156.3 1 1
github.com/TerraDharitri/drt-go-vm-common/builtInFunctions/saveUserName.go:158.2,164.22 3 3
github.com/TerraDharitri/drt-go-vm-common/builtInFunctions/saveUserName.go:168.46,170.2 1 3
github.com/TerraDharitri/drt-go-vm-common/builtInFunctions/setGuardian.go:28.69,30.16 2 7
github.com/TerraDharitri/drt-go-vm-common/builtInFunctions/setGuardian.go:30.16,32.3 1 1
github.com/TerraDharitri/drt-go-vm-common/builtInFunctions/setGuardian.go:33.2,36.46 2 6
github.com/TerraDharitri/drt-go-vm-common/builtInFunctions/setGuardian.go:36.46,38.3 1 0
github.com/TerraDharitri/drt-go-vm-common/builtInFunctions/setGuardian.go:40.2,40.29 1 6
github.com/TerraDharitri/drt-go-vm-common/builtInFunctions/setGuardian.go:47.31,48.26 1 12
github.com/TerraDharitri/drt-go-vm-common/builtInFunctions/setGuardian.go:48.26,50.3 1 1
github.com/TerraDharitri/drt-go-vm-common/builtInFunctions/setGuardian.go:51.2,51.20 1 11
github.com/TerraDharitri/drt-go-vm-common/builtInFunctions/setGuardian.go:51.20,53.3 1 1
github.com/TerraDharitri/drt-go-vm-common/builtInFunctions/setGuardian.go:54.2,54.51 1 10
github.com/TerraDharitri/drt-go-vm-common/builtInFunctions/setGuardian.go:54.51,56.3 1 2
github.com/TerraDharitri/drt-go-vm-common/builtInFunctions/setGuardian.go:58.2,60.23 3 8
github.com/TerraDharitri/drt-go-vm-common/builtInFunctions/setGuardian.go:60.23,62.3 1 1
github.com/TerraDharitri/drt-go-vm-common/builtInFunctions/setGuardian.go:63.2,77.16 7 7
github.com/TerraDharitri/drt-go-vm-common/builtInFunctions/setGuardian.go:77.16,79.3 1 4
github.com/TerraDharitri/drt-go-vm-common/builtInFunctions/setGuardian.go:81.2,82.16 2 3
github.com/TerraDharitri/drt-go-vm-common/builtInFunctions/setGuardian.go:82.16,84.3 1 1
github.com/TerraDharitri/drt-go-vm-common/builtInFunctions/setGuardian.go:86.2,96.8 2 2
github.com/TerraDharitri/drt-go-vm-common/builtInFunctions/setGuardian.go:106.9,116.16 2 7
github.com/TerraDharitri/drt-go-vm-common/builtInFunctions/setGuardian.go:116.16,118.3 1 1
github.com/TerraDharitri/drt-go-vm-common/builtInFunctions/setGuardian.go:120.2,120.55 1 6
github.com/TerraDharitri/drt-go-vm-common/builtInFunctions/setGuardian.go:126.9,133.46 5 6
github.com/TerraDharitri/drt-go-vm-common/builtInFunctions/setGuardian.go:133.46,135.3 1 2
github.com/TerraDharitri/drt-go-vm-common/builtInFunctions/setGuardian.go:137.2,137.48 1 4
github.com/TerraDharitri/drt-go-vm-common/builtInFunctions/setGuardian.go:137.48,139.3 1 0
github.com/TerraDharitri/drt-go-vm-common/builtInFunctions/setGuardian.go:141.2,141.43 1 4
github.com/TerraDharitri/drt-go-vm-common/builtInFunctions/setGuardian.go:141.43,143.3 1 1
github.com/TerraDharitri/drt-go-vm-common/builtInFunctions/setGuardian.go:145.2,145.12 1 3
github.com/TerraDharitri/drt-go-vm-common/builtInFunctions/setGuardian.go:149.67,153.2 3 2
github.com/TerraDharitri/drt-go-vm-common/builtInFunctions/unGuardAccount.go:13.80,15.16 2 8
github.com/TerraDharitri/drt-go-vm-common/builtInFunctions/unGuardAccount.go:15.16,17.3 1 1
github.com/TerraDharitri/drt-go-vm-common/builtInFunctions/unGuardAccount.go:18.2,18.57 1 7
github.com/TerraDharitri/drt-go-vm-common/builtInFunctions/unGuardAccount.go:26.31,31.16 4 4
github.com/TerraDharitri/drt-go-vm-common/builtInFunctions/unGuardAccount.go:31.16,33.3 1 2
github.com/TerraDharitri/drt-go-vm-common/builtInFunctions/unGuardAccount.go:35.2,36.16 2 2
github.com/TerraDharitri/drt-go-vm-common/builtInFunctions/unGuardAccount.go:36.16,38.3 1 1
github.com/TerraDharitri/drt-go-vm-common/builtInFunctions/unGuardAccount.go:40.2,49.8 2 1
github.com/TerraDharitri/drt-go-vm-common/builtInFunctions/unGuardAccount.go:52.64,54.27 2 2
github.com/TerraDharitri/drt-go-vm-common/builtInFunctions/unGuardAccount.go:54.27,56.3 1 1
github.com/TerraDharitri/drt-go-vm-common/builtInFunctions/unGuardAccount.go:58.2,60.12 3 1
github.com/TerraDharitri/drt-go-vm-common/builtInFunctions/updateNFTAttributes.go:36.27,37.37 1 16
github.com/TerraDharitri/drt-go-vm-common/builtInFunctions/updateNFTAttributes.go:37.37,39.3 1 1
github.com/TerraDharitri/drt-go-vm-common/builtInFunctions/updateNFTAttributes.go:40.2,40.40 1 15
github.com/TerraDharitri/drt-go-vm-common/builtInFunctions/updateNFTAttributes.go:40.40,42.3 1 1
github.com/TerraDharitri/drt-go-vm-common/builtInFunctions/updateNFTAttributes.go:43.2,43.31 1 14
github.com/TerraDharitri/drt-go-vm-common/builtInFunctions/updateNFTAttributes.go:43.31,45.3 1 1
github.com/TerraDharitri/drt-go-vm-common/builtInFunctions/updateNFTAttributes.go:46.2,46.38 1 13
github.com/TerraDharitri/drt-go-vm-common/builtInFunctions/updateNFTAttributes.go:46.38,48.3 1 1
github.com/TerraDharitri/drt-go-vm-common/builtInFunctions/updateNFTAttributes.go:49.2,49.29 1 12
github.com/TerraDharitri/drt-go-vm-common/builtInFunctions/updateNFTAttributes.go:49.29,51.3 1 1
github.com/TerraDharitri/drt-go-vm-common/builtInFunctions/updateNFTAttributes.go:53.2,66.50 2 11
github.com/TerraDharitri/drt-go-vm-common/builtInFunctions/updateNFTAttributes.go:66.50,68.3 1 1
github.com/TerraDharitri/drt-go-vm-common/builtInFunctions/updateNFTAttributes.go:70.2,70.15 1 11
github.com/TerraDharitri/drt-go-vm-common/builtInFunctions/updateNFTAttributes.go:74.68,75.20 1 2
github.com/TerraDharitri/drt-go-vm-common/builtInFunctions/updateNFTAttributes.go:75.20,77.3 1 1
github.com/TerraDharitri/drt-go-vm-common/builtInFunctions/updateNFTAttributes.go:79.2,82.25 4 1
github.com/TerraDharitri/drt-go-vm-common/builtInFunctions/updateNFTAttributes.go:93.31,98.16 4 13
github.com/TerraDharitri/drt-go-vm-common/builtInFunctions/updateNFTAttributes.go:98.16,100.3 1 7
github.com/TerraDharitri/drt-go-vm-common/builtInFunctions/updateNFTAttributes.go:101.2,101.33 1 6
github.com/TerraDharitri/drt-go-vm-common/builtInFunctions/updateNFTAttributes.go:101.33,103.3 1 1
github.com/TerraDharitri/drt-go-vm-common/builtInFunctions/updateNFTAttributes.go:105.2,106.16 2 5
github.com/TerraDharitri/drt-go-vm-common/builtInFunctions/updateNFTAttributes.go:106.16,108.3 1 1
github.com/TerraDharitri/drt-go-vm-common/builtInFunctions/updateNFTAttributes.go:110.2,111.57 2 4
github.com/TerraDharitri/drt-go-vm-common/builtInFunctions/updateNFTAttributes.go:111.57,113.3 1 0
github.com/TerraDharitri/drt-go-vm-common/builtInFunctions/updateNFTAttributes.go:115.2,117.16 3 4
github.com/TerraDharitri/drt-go-vm-common/builtInFunctions/updateNFTAttributes.go:117.16,119.3 1 1
github.com/TerraDharitri/drt-go-vm-common/builtInFunctions/updateNFTAttributes.go:120.2,121.16 2 3
github.com/TerraDharitri/drt-go-vm-common/builtInFunctions/updateNFTAttributes.go:121.16,123.3 1 1
github.com/TerraDharitri/drt-go-vm-common/builtInFunctions/updateNFTAttributes.go:125.2,126.16 2 2
github.com/TerraDharitri/drt-go-vm-common/builtInFunctions/updateNFTAttributes.go:126.16,128.3 1 0
github.com/TerraDharitri/drt-go-vm-common/builtInFunctions/updateNFTAttributes.go:130.2,134.16 4 2
github.com/TerraDharitri/drt-go-vm-common/builtInFunctions/updateNFTAttributes.go:134.16,136.3 1 0
github.com/TerraDharitri/drt-go-vm-common/builtInFunctions/updateNFTAttributes.go:138.2,144.16 3 2
github.com/TerraDharitri/drt-go-vm-common/builtInFunctions/updateNFTAttributes.go:144.16,146.3 1 1
github.com/TerraDharitri/drt-go-vm-common/builtInFunctions/updateNFTAttributes.go:148.2,155.22 3 1
github.com/TerraDharitri/drt-go-vm-common/builtInFunctions/updateNFTAttributes.go:159.47,161.2 1 7
github.com/TerraDharitri/drt-go-vm-common/parsers/dataField/dtos.go:17.57,21.2 1 1
github.com/TerraDharitri/drt-go-vm-common/parsers/dataField/parseMultiDCDTNFTTransfer.go:8.160,10.9 2 6
github.com/TerraDharitri/drt-go-vm-common/parsers/dataField/parseMultiDCDTNFTTransfer.go:10.9,12.3 1 2
github.com/TerraDharitri/drt-go-vm-common/parsers/dataField/parseMultiDCDTNFTTransfer.go:13.2,13.113 1 4
github.com/TerraDharitri/drt-go-vm-common/parsers/dataField/parseMultiDCDTNFTTransfer.go:13.113,15.3 1 3
github.com/TerraDharitri/drt-go-vm-common/parsers/dataField/parseMultiDCDTNFTTransfer.go:17.2,18.69 2 4
github.com/TerraDharitri/drt-go-vm-common/parsers/dataField/parseMultiDCDTNFTTransfer.go:18.69,19.61 1 6
github.com/TerraDharitri/drt-go-vm-common/parsers/dataField/parseMultiDCDTNFTTransfer.go:19.61,23.4 1 0
github.com/TerraDharitri/drt-go-vm-common/parsers/dataField/parseMultiDCDTNFTTransfer.go:25.3,26.43 2 6
github.com/TerraDharitri/drt-go-vm-common/parsers/dataField/parseMultiDCDTNFTTransfer.go:26.43,28.4 1 3
github.com/TerraDharitri/drt-go-vm-common/parsers/dataField/parseMultiDCDTNFTTransfer.go:30.3,33.91 4 6
github.com/TerraDharitri/drt-go-vm-common/parsers/dataField/parseMultiDCDTNFTTransfer.go:36.2,36.22 1 4
github.com/TerraDharitri/drt-go-vm-common/parsers/dataField/parseSingleDCDTTransfer.go:8.138,10.9 2 5
github.com/TerraDharitri/drt-go-vm-common/parsers/dataField/parseSingleDCDTTransfer.go:10.9,12.3 1 1
github.com/TerraDharitri/drt-go-vm-common/parsers/dataField/parseSingleDCDTTransfer.go:14.2,14.94 1 4
github.com/TerraDharitri/drt-go-vm-common/parsers/dataField/parseSingleDCDTTransfer.go:14.94,16.3 1 3
github.com/TerraDharitri/drt-go-vm-common/parsers/dataField/parseSingleDCDTTransfer.go:18.2,18.127 1 4
github.com/TerraDharitri/drt-go-vm-common/parsers/dataField/parseSingleDCDTTransfer.go:18.127,20.3 1 1
github.com/TerraDharitri/drt-go-vm-common/parsers/dataField/parseSingleDCDTTransfer.go:22.2,26.22 4 3
github.com/TerraDharitri/drt-go-vm-common/parsers/dataField/parseSingleDCDTTransfer.go:29.169,35.16 3 17
github.com/TerraDharitri/drt-go-vm-common/parsers/dataField/parseSingleDCDTTransfer.go:35.16,37.3 1 4
github.com/TerraDharitri/drt-go-vm-common/parsers/dataField/parseSingleDCDTTransfer.go:39.2,39.49 1 13
github.com/TerraDharitri/drt-go-vm-common/parsers/dataField/parseSingleNFTTransfer.go:10.161,12.9 2 6
github.com/TerraDharitri/drt-go-vm-common/parsers/dataField/parseSingleNFTTransfer.go:12.9,14.3 1 1
github.com/TerraDharitri/drt-go-vm-common/parsers/dataField/parseSingleNFTTransfer.go:16.2,16.113 1 5
github.com/TerraDharitri/drt-go-vm-common/parsers/dataField/parseSingleNFTTransfer.go:16.113,18.3 1 2
github.com/TerraDharitri/drt-go-vm-common/parsers/dataField/parseSingleNFTTransfer.go:20.2,20.127 1 5
github.com/TerraDharitri/drt-go-vm-common/parsers/dataField/parseSingleNFTTransfer.go:20.127,22.3 1 0
github.com/TerraDharitri/drt-go-vm-common/parsers/dataField/parseSingleNFTTransfer.go:24.2,25.35 2 5
github.com/TerraDharitri/drt-go-vm-common/parsers/dataField/parseSingleNFTTransfer.go:25.35,27.3 1 3
github.com/TerraDharitri/drt-go-vm-common/parsers/dataField/parseSingleNFTTransfer.go:29.2,36.33 6 5
github.com/TerraDharitri/drt-go-vm-common/parsers/dataField/parseSingleNFTTransfer.go:36.33,38.3 1 1
github.com/TerraDharitri/drt-go-vm-common/parsers/dataField/parseSingleNFTTransfer.go:40.2,43.22 3 4
github.com/TerraDharitri/drt-go-vm-common/parsers/dataField/parser.go:44.105,45.35 1 11
github.com/TerraDharitri/drt-go-vm-common/parsers/dataField/parser.go:45.35,47.3 1 1
github.com/TerraDharitri/drt-go-vm-common/parsers/dataField/parser.go:48.2,48.29 1 10
github.com/TerraDharitri/drt-go-vm-common/parsers/dataField/parser.go:48.29,50.3 1 0
github.com/TerraDharitri/drt-go-vm-common/parsers/dataField/parser.go:52.2,54.16 3 10
github.com/TerraDharitri/drt-go-vm-common/parsers/dataField/parser.go:54.16,56.3 1 0
github.com/TerraDharitri/drt-go-vm-common/parsers/dataField/parser.go:58.2,63.8 1 10
github.com/TerraDharitri/drt-go-vm-common/parsers/dataField/parser.go:67.126,69.2 1 41
github.com/TerraDharitri/drt-go-vm-common/parsers/dataField/parser.go:71.146,77.16 3 45
github.com/TerraDharitri/drt-go-vm-common/parsers/dataField/parser.go:77.16,80.3 2 1
github.com/TerraDharitri/drt-go-vm-common/parsers/dataField/parser.go:82.2,83.16 2 44
github.com/TerraDharitri/drt-go-vm-common/parsers/dataField/parser.go:83.16,85.3 1 3
github.com/TerraDharitri/drt-go-vm-common/parsers/dataField/parser.go:87.2,87.18 1 41
github.com/TerraDharitri/drt-go-vm-common/parsers/dataField/parser.go:88.40,89.71 1 5
github.com/TerraDharitri/drt-go-vm-common/parsers/dataField/parser.go:90.43,91.87 1 6
github.com/TerraDharitri/drt-go-vm-common/parsers/dataField/parser.go:92.48,93.86 1 6
github.com/TerraDharitri/drt-go-vm-common/parsers/dataField/parser.go:94.76,95.52 1 3
github.com/TerraDharitri/drt-go-vm-common/parsers/dataField/parser.go:96.102,97.52 1 4
github.com/TerraDharitri/drt-go-vm-common/parsers/dataField/parser.go:98.114,99.51 1 4
github.com/TerraDharitri/drt-go-vm-common/parsers/dataField/parser.go:100.58,101.20 1 7
github.com/TerraDharitri/drt-go-vm-common/parsers/dataField/parser.go:101.20,103.4 1 1
github.com/TerraDharitri/drt-go-vm-common/parsers/dataField/parser.go:104.3,104.65 1 6
github.com/TerraDharitri/drt-go-vm-common/parsers/dataField/parser.go:107.2,108.19 2 6
github.com/TerraDharitri/drt-go-vm-common/parsers/dataField/parser.go:108.19,110.3 1 4
github.com/TerraDharitri/drt-go-vm-common/parsers/dataField/parser.go:112.2,112.88 1 6
github.com/TerraDharitri/drt-go-vm-common/parsers/dataField/parser.go:112.88,114.3 1 2
github.com/TerraDharitri/drt-go-vm-common/parsers/dataField/parser.go:116.2,116.22 1 6
github.com/TerraDharitri/drt-go-vm-common/parsers/dataField/parser.go:119.139,120.20 1 6
github.com/TerraDharitri/drt-go-vm-common/parsers/dataField/parser.go:120.20,124.3 1 1
github.com/TerraDharitri/drt-go-vm-common/parsers/dataField/parser.go:126.2,127.9 2 5
github.com/TerraDharitri/drt-go-vm-common/parsers/dataField/parser.go:127.9,131.3 1 1
github.com/TerraDharitri/drt-go-vm-common/parsers/dataField/parser.go:133.2,134.19 2 4
github.com/TerraDharitri/drt-go-vm-common/parsers/dataField/parser.go:134.19,138.3 1 1
github.com/TerraDharitri/drt-go-vm-common/parsers/dataField/parser.go:140.2,142.119 3 3
github.com/TerraDharitri/drt-go-vm-common/parsers/dataField/parser.go:142.119,145.3 2 1
github.com/TerraDharitri/drt-go-vm-common/parsers/dataField/parser.go:147.2,155.3 1 3
github.com/TerraDharitri/drt-go-vm-common/parsers/dataField/parser.go:158.103,161.41 2 5
github.com/TerraDharitri/drt-go-vm-common/parsers/dataField/parser.go:161.41,165.3 2 1
github.com/TerraDharitri/drt-go-vm-common/parsers/dataField/parser.go:167.2,167.35 1 4
github.com/TerraDharitri/drt-go-vm-common/parsers/dataField/parser.go:167.35,169.3 1 1
github.com/TerraDharitri/drt-go-vm-common/parsers/dataField/parser.go:172.2,176.17 4 3
github.com/TerraDharitri/drt-go-vm-common/parsers/dataField/parser.go:179.84,184.20 2 4
github.com/TerraDharitri/drt-go-vm-common/parsers/dataField/parser.go:184.20,186.3 1 1
github.com/TerraDharitri/drt-go-vm-common/parsers/dataField/parser.go:188.2,189.27 2 3
github.com/TerraDharitri/drt-go-vm-common/parsers/dataField/parser.go:189.27,191.3 1 0
github.com/TerraDharitri/drt-go-vm-common/parsers/dataField/parser.go:193.2,193.16 1 3
github.com/TerraDharitri/drt-go-vm-common/parsers/dataField/parser.go:193.16,195.3 1 1
github.com/TerraDharitri/drt-go-vm-common/parsers/dataField/parser.go:197.2,198.21 2 3
github.com/TerraDharitri/drt-go-vm-common/parsers/dataField/parser.go:201.84,206.51 2 3
github.com/TerraDharitri/drt-go-vm-common/parsers/dataField/parser.go:206.51,208.3 1 1
github.com/TerraDharitri/drt-go-vm-common/parsers/dataField/parser.go:210.2,211.27 2 2
github.com/TerraDharitri/drt-go-vm-common/parsers/dataField/parser.go:211.27,213.3 1 0
github.com/TerraDharitri/drt-go-vm-common/parsers/dataField/parser.go:215.2,218.21 3 2
github.com/TerraDharitri/drt-go-vm-common/parsers/dataField/parser.go:221.83,226.50 2 4
github.com/TerraDharitri/drt-go-vm-common/parsers/dataField/parser.go:226.50,228.3 1 1
github.com/TerraDharitri/drt-go-vm-common/parsers/dataField/parser.go:230.2,231.27 2 3
github.com/TerraDharitri/drt-go-vm-common/parsers/dataField/parser.go:231.27,233.3 1 0
github.com/TerraDharitri/drt-go-vm-common/parsers/dataField/parser.go:235.2,239.51 4 3
github.com/TerraDharitri/drt-go-vm-common/parsers/dataField/parser.go:239.51,242.3 2 1
github.com/TerraDharitri/drt-go-vm-common/parsers/dataField/parser.go:244.2,247.21 3 3
github.com/TerraDharitri/drt-go-vm-common/parsers/dataField/utils.go:19.40,66.2 1 10
github.com/TerraDharitri/drt-go-vm-common/parsers/dataField/utils.go:68.77,69.55 1 6
github.com/TerraDharitri/drt-go-vm-common/parsers/dataField/utils.go:69.55,70.34 1 220
github.com/TerraDharitri/drt-go-vm-common/parsers/dataField/utils.go:70.34,72.4 1 4
github.com/TerraDharitri/drt-go-vm-common/parsers/dataField/utils.go:75.2,75.14 1 2
github.com/TerraDharitri/drt-go-vm-common/parsers/dataField/utils.go:78.64,79.31 1 13
github.com/TerraDharitri/drt-go-vm-common/parsers/dataField/utils.go:79.31,81.3 1 0
github.com/TerraDharitri/drt-go-vm-common/parsers/dataField/utils.go:83.2,85.53 3 13
github.com/TerraDharitri/drt-go-vm-common/parsers/dataField/utils.go:88.56,90.24 2 4
github.com/TerraDharitri/drt-go-vm-common/parsers/dataField/utils.go:90.24,92.3 1 1
github.com/TerraDharitri/drt-go-vm-common/parsers/dataField/utils.go:94.2,94.51 1 3
github.com/TerraDharitri/drt-go-vm-common/parsers/dataField/utils.go:94.51,96.3 1 1
github.com/TerraDharitri/drt-go-vm-common/parsers/dataField/utils.go:98.2,101.43 3 2
github.com/TerraDharitri/drt-go-vm-common/parsers/dataField/utils.go:104.55,108.2 2 45
github.com/TerraDharitri/drt-go-vm-common/parsers/dataField/utils.go:110.39,111.34 1 38
github.com/TerraDharitri/drt-go-vm-common/parsers/dataField/utils.go:111.34,112.34 1 331
github.com/TerraDharitri/drt-go-vm-common/parsers/dataField/utils.go:112.34,114.4 1 4
github.com/TerraDharitri/drt-go-vm-common/parsers/dataField/utils.go:117.2,117.13 1 34
